2024-11-27 23:24:02 [main] INFO  c.a.p.p.ProdReadyFeaturesApplicationTests - Started ProdReadyFeaturesApplicationTests in 10.929 seconds (process running for 18.781)
2024-11-27 23:24:02 [main] DEBUG o.s.b.a.ApplicationAvailabilityBean - Application availability state LivenessState changed to CORRECT
2024-11-27 23:24:02 [main] DEBUG o.s.boot.devtools.restart.Restarter - Creating new Restarter for thread Thread[#1,main,5,main]
2024-11-27 23:24:02 [main] DEBUG o.s.b.a.ApplicationAvailabilityBean - Application availability state ReadinessState changed to ACCEPTING_TRAFFIC
2024-11-27 23:24:02 [main] DEBUG o.springframework.test.context.cache - Spring test ApplicationContext cache statistics: [DefaultContextCache@38816a6c size = 1, maxSize = 32, parentContextCount = 0, hitCount = 0, missCount = 1, failureCount = 0]
2024-11-27 23:24:02 [main] DEBUG o.s.t.c.w.ServletTestExecutionListener - Setting up MockHttpServletRequest, MockHttpServletResponse, ServletWebRequest, and RequestContextHolder for test class com.avinash.prod_ready_features.prod_ready_features.ProdReadyFeaturesApplicationTests
2024-11-27 23:24:02 [main] DEBUG o.s.t.c.s.DependencyInjectionTestExecutionListener - Performing dependency injection for test class com.avinash.prod_ready_features.prod_ready_features.ProdReadyFeaturesApplicationTests
2024-11-27 23:24:02 [main] DEBUG o.springframework.test.context.cache - Spring test ApplicationContext cache statistics: [DefaultContextCache@38816a6c size = 1, maxSize = 32, parentContextCount = 0, hitCount = 1, missCount = 1, failureCount = 0]
2024-11-27 23:24:02 [main] DEBUG o.springframework.test.context.cache - Spring test ApplicationContext cache statistics: [DefaultContextCache@38816a6c size = 1, maxSize = 32, parentContextCount = 0, hitCount = 2, missCount = 1, failureCount = 0]
2024-11-27 23:24:02 [main] DEBUG o.s.t.c.s.DirtiesContextBeforeModesTestExecutionListener - Before test method: class [ProdReadyFeaturesApplicationTests], method [getAllEmployees], class annotated with @DirtiesContext [false] with mode [null], method annotated with @DirtiesContext [false] with mode [null]
2024-11-27 23:24:02 [main] DEBUG o.springframework.test.context.cache - Spring test ApplicationContext cache statistics: [DefaultContextCache@38816a6c size = 1, maxSize = 32, parentContextCount = 0, hitCount = 3, missCount = 1, failureCount = 0]
2024-11-27 23:24:02 [main] DEBUG o.springframework.test.context.cache - Spring test ApplicationContext cache statistics: [DefaultContextCache@38816a6c size = 1, maxSize = 32, parentContextCount = 0, hitCount = 4, missCount = 1, failureCount = 0]
2024-11-27 23:24:03 [main] DEBUG o.springframework.test.context.cache - Spring test ApplicationContext cache statistics: [DefaultContextCache@38816a6c size = 1, maxSize = 32, parentContextCount = 0, hitCount = 5, missCount = 1, failureCount = 0]
2024-11-27 23:24:03 [main] INFO  c.a.p.p.c.I.EmployeeClientEmpl - trying to fetch user details
2024-11-27 23:24:03 [main] INFO  c.a.p.p.c.I.EmployeeClientEmpl - trying to fetch user details
2024-11-27 23:24:03 [main] INFO  c.a.p.p.c.I.EmployeeClientEmpl - trying to fetch user details
2024-11-27 23:24:03 [main] INFO  c.a.p.p.c.I.EmployeeClientEmpl - trying to fetch user details
2024-11-27 23:24:03 [main] INFO  c.a.p.p.c.I.EmployeeClientEmpl - trying to fetch user details
2024-11-27 23:24:03 [main] INFO  c.a.p.p.c.I.EmployeeClientEmpl - trying to fetch user details
2024-11-27 23:24:03 [main] INFO  c.a.p.p.c.I.EmployeeClientEmpl - trying to fetch user details
2024-11-27 23:24:03 [main] INFO  c.a.p.p.c.I.EmployeeClientEmpl - trying to fetch user details
2024-11-27 23:24:03 [main] INFO  c.a.p.p.c.I.EmployeeClientEmpl - trying to fetch user details
2024-11-27 23:24:03 [main] INFO  c.a.p.p.c.I.EmployeeClientEmpl - trying to fetch user details
2024-11-27 23:24:03 [main] INFO  c.a.p.p.c.I.EmployeeClientEmpl - trying to fetch user details
2024-11-27 23:24:03 [main] INFO  c.a.p.p.c.I.EmployeeClientEmpl - trying to fetch user details
2024-11-27 23:24:03 [main] INFO  c.a.p.p.c.I.EmployeeClientEmpl - trying to fetch user details
2024-11-27 23:24:03 [main] INFO  c.a.p.p.c.I.EmployeeClientEmpl - trying to fetch user details
2024-11-27 23:24:03 [main] INFO  c.a.p.p.c.I.EmployeeClientEmpl - trying to fetch user details
2024-11-27 23:24:03 [main] INFO  c.a.p.p.c.I.EmployeeClientEmpl - trying to fetch user details
2024-11-27 23:24:03 [main] INFO  c.a.p.p.c.I.EmployeeClientEmpl - trying to fetch user details
2024-11-27 23:24:03 [main] INFO  c.a.p.p.c.I.EmployeeClientEmpl - trying to fetch user details
2024-11-27 23:24:03 [main] INFO  c.a.p.p.c.I.EmployeeClientEmpl - trying to fetch user details
2024-11-27 23:24:03 [main] INFO  c.a.p.p.c.I.EmployeeClientEmpl - trying to fetch user details
2024-11-27 23:24:03 [main] INFO  c.a.p.p.c.I.EmployeeClientEmpl - trying to fetch user details
2024-11-27 23:24:03 [main] INFO  c.a.p.p.c.I.EmployeeClientEmpl - trying to fetch user details
2024-11-27 23:24:03 [main] INFO  c.a.p.p.c.I.EmployeeClientEmpl - trying to fetch user details
2024-11-27 23:24:03 [main] INFO  c.a.p.p.c.I.EmployeeClientEmpl - trying to fetch user details
2024-11-27 23:24:03 [main] INFO  c.a.p.p.c.I.EmployeeClientEmpl - trying to fetch user details
2024-11-27 23:24:03 [main] INFO  c.a.p.p.c.I.EmployeeClientEmpl - trying to fetch user details
2024-11-27 23:24:03 [main] INFO  c.a.p.p.c.I.EmployeeClientEmpl - trying to fetch user details
2024-11-27 23:24:03 [main] INFO  c.a.p.p.c.I.EmployeeClientEmpl - trying to fetch user details
2024-11-27 23:24:03 [main] INFO  c.a.p.p.c.I.EmployeeClientEmpl - trying to fetch user details
2024-11-27 23:24:03 [main] INFO  c.a.p.p.c.I.EmployeeClientEmpl - trying to fetch user details
2024-11-27 23:24:03 [main] INFO  c.a.p.p.c.I.EmployeeClientEmpl - trying to fetch user details
2024-11-27 23:24:03 [main] INFO  c.a.p.p.c.I.EmployeeClientEmpl - trying to fetch user details
2024-11-27 23:24:03 [main] INFO  c.a.p.p.c.I.EmployeeClientEmpl - trying to fetch user details
2024-11-27 23:24:03 [main] INFO  c.a.p.p.c.I.EmployeeClientEmpl - trying to fetch user details
2024-11-27 23:24:03 [main] INFO  c.a.p.p.c.I.EmployeeClientEmpl - trying to fetch user details
2024-11-27 23:24:03 [main] INFO  c.a.p.p.c.I.EmployeeClientEmpl - trying to fetch user details
2024-11-27 23:24:03 [main] INFO  c.a.p.p.c.I.EmployeeClientEmpl - trying to fetch user details
2024-11-27 23:24:03 [main] INFO  c.a.p.p.c.I.EmployeeClientEmpl - trying to fetch user details
2024-11-27 23:24:03 [main] INFO  c.a.p.p.c.I.EmployeeClientEmpl - trying to fetch user details
2024-11-27 23:24:03 [main] INFO  c.a.p.p.c.I.EmployeeClientEmpl - trying to fetch user details
2024-11-27 23:24:03 [main] INFO  c.a.p.p.c.I.EmployeeClientEmpl - trying to fetch user details
2024-11-27 23:24:03 [main] INFO  c.a.p.p.c.I.EmployeeClientEmpl - trying to fetch user details
2024-11-27 23:24:03 [main] INFO  c.a.p.p.c.I.EmployeeClientEmpl - trying to fetch user details
2024-11-27 23:24:03 [main] INFO  c.a.p.p.c.I.EmployeeClientEmpl - trying to fetch user details
2024-11-27 23:24:03 [main] INFO  c.a.p.p.c.I.EmployeeClientEmpl - trying to fetch user details
2024-11-27 23:24:03 [main] DEBUG i.m.c.u.i.l.InternalLoggerFactory - Using SLF4J as the default logging framework
2024-11-27 23:24:03 [main] DEBUG o.springframework.test.context.cache - Spring test ApplicationContext cache statistics: [DefaultContextCache@38816a6c size = 1, maxSize = 32, parentContextCount = 0, hitCount = 6, missCount = 1, failureCount = 0]
2024-11-27 23:24:03 [main] DEBUG o.springframework.test.context.cache - Spring test ApplicationContext cache statistics: [DefaultContextCache@38816a6c size = 1, maxSize = 32, parentContextCount = 0, hitCount = 7, missCount = 1, failureCount = 0]
2024-11-27 23:24:03 [main] DEBUG o.springframework.test.context.cache - Spring test ApplicationContext cache statistics: [DefaultContextCache@38816a6c size = 1, maxSize = 32, parentContextCount = 0, hitCount = 8, missCount = 1, failureCount = 0]
2024-11-27 23:24:03 [main] DEBUG o.springframework.test.context.cache - Spring test ApplicationContext cache statistics: [DefaultContextCache@38816a6c size = 1, maxSize = 32, parentContextCount = 0, hitCount = 9, missCount = 1, failureCount = 0]
2024-11-27 23:24:03 [main] DEBUG o.springframework.test.context.cache - Spring test ApplicationContext cache statistics: [DefaultContextCache@38816a6c size = 1, maxSize = 32, parentContextCount = 0, hitCount = 10, missCount = 1, failureCount = 0]
2024-11-27 23:24:03 [main] DEBUG o.springframework.test.context.cache - Spring test ApplicationContext cache statistics: [DefaultContextCache@38816a6c size = 1, maxSize = 32, parentContextCount = 0, hitCount = 11, missCount = 1, failureCount = 0]
2024-11-27 23:24:03 [main] DEBUG o.s.t.c.s.DirtiesContextTestExecutionListener - After test method: class [ProdReadyFeaturesApplicationTests], method [getAllEmployees], class annotated with @DirtiesContext [false] with mode [null], method annotated with @DirtiesContext [false] with mode [null]
2024-11-27 23:24:03 [main] DEBUG o.s.t.c.w.ServletTestExecutionListener - Resetting RequestContextHolder for test class com.avinash.prod_ready_features.prod_ready_features.ProdReadyFeaturesApplicationTests
2024-11-27 23:24:03 [main] DEBUG o.springframework.test.context.cache - Spring test ApplicationContext cache statistics: [DefaultContextCache@38816a6c size = 1, maxSize = 32, parentContextCount = 0, hitCount = 12, missCount = 1, failureCount = 0]
2024-11-27 23:24:03 [main] DEBUG o.s.t.c.s.DirtiesContextTestExecutionListener - After test class: class [ProdReadyFeaturesApplicationTests], class annotated with @DirtiesContext [false] with mode [null]
2024-11-27 23:24:03 [SpringApplicationShutdownHook] DEBUG o.s.w.c.s.GenericWebApplicationContext - Closing org.springframework.web.context.support.GenericWebApplicationContext@36a7abe1, started on Wed Nov 27 23:23:52 IST 2024
2024-11-27 23:24:03 [SpringApplicationShutdownHook] DEBUG o.s.c.s.DefaultLifecycleProcessor - Stopping beans in phase 2147483647
2024-11-27 23:24:03 [SpringApplicationShutdownHook] DEBUG o.s.c.s.DefaultLifecycleProcessor - Bean 'applicationTaskExecutor' completed its stop procedure
2024-11-27 23:24:03 [SpringApplicationShutdownHook] DEBUG o.s.c.s.DefaultLifecycleProcessor - Stopping beans in phase -2147483647
2024-11-27 23:24:03 [SpringApplicationShutdownHook] DEBUG o.s.c.s.DefaultLifecycleProcessor - Bean 'springBootLoggingLifecycle' completed its stop procedure
2024-11-27 23:24:03 [SpringApplicationShutdownHook] DEBUG o.s.s.c.ThreadPoolTaskExecutor - Shutting down ExecutorService 'applicationTaskExecutor'
2024-11-27 23:24:03 [SpringApplicationShutdownHook] INFO  o.s.o.j.LocalContainerEntityManagerFactoryBean - Closing JPA EntityManagerFactory for persistence unit 'default'
2024-11-27 23:24:03 [SpringApplicationShutdownHook] DEBUG o.h.internal.SessionFactoryImpl - HHH000031: Closing
2024-11-27 23:24:03 [SpringApplicationShutdownHook] DEBUG o.h.type.spi.TypeConfiguration$Scope - Un-scoping TypeConfiguration [org.hibernate.type.spi.TypeConfiguration$Scope@2628b67] from SessionFactory [org.hibernate.internal.SessionFactoryImpl@695c8b32]
2024-11-27 23:24:03 [SpringApplicationShutdownHook] DEBUG o.h.s.i.AbstractServiceRegistryImpl - Implicitly destroying ServiceRegistry on de-registration of all child ServiceRegistries
2024-11-27 23:24:03 [SpringApplicationShutdownHook] DEBUG o.h.b.r.i.BootstrapServiceRegistryImpl - Implicitly destroying Boot-strap registry on de-registration of all child ServiceRegistries
2024-11-27 23:24:03 [SpringApplicationShutdownHook] INFO  com.zaxxer.hikari.HikariDataSource - HikariPool-1 - Shutdown initiated...
2024-11-27 23:24:03 [SpringApplicationShutdownHook] DEBUG com.zaxxer.hikari.pool.HikariPool - HikariPool-1 - Before shutdown stats (total=10, active=0, idle=10, waiting=0)
2024-11-27 23:24:03 [HikariPool-1 connection closer] DEBUG com.zaxxer.hikari.pool.PoolBase - HikariPool-1 - Closing connection org.postgresql.jdbc.PgConnection@2976ef56: (connection evicted)
2024-11-27 23:24:04 [HikariPool-1 connection closer] DEBUG com.zaxxer.hikari.pool.PoolBase - HikariPool-1 - Closing connection org.postgresql.jdbc.PgConnection@31a80bc4: (connection evicted)
2024-11-27 23:24:05 [HikariPool-1 connection closer] DEBUG com.zaxxer.hikari.pool.PoolBase - HikariPool-1 - Closing connection org.postgresql.jdbc.PgConnection@3b5060b4: (connection evicted)
2024-11-27 23:24:05 [HikariPool-1 connection closer] DEBUG com.zaxxer.hikari.pool.PoolBase - HikariPool-1 - Closing connection org.postgresql.jdbc.PgConnection@7e52e9ba: (connection evicted)
2024-11-27 23:24:05 [HikariPool-1 connection closer] DEBUG com.zaxxer.hikari.pool.PoolBase - HikariPool-1 - Closing connection org.postgresql.jdbc.PgConnection@f553b9f: (connection evicted)
2024-11-27 23:24:05 [HikariPool-1 connection closer] DEBUG com.zaxxer.hikari.pool.PoolBase - HikariPool-1 - Closing connection org.postgresql.jdbc.PgConnection@778b3e87: (connection evicted)
2024-11-27 23:24:05 [HikariPool-1 connection closer] DEBUG com.zaxxer.hikari.pool.PoolBase - HikariPool-1 - Closing connection org.postgresql.jdbc.PgConnection@38d24f66: (connection evicted)
2024-11-27 23:24:05 [HikariPool-1 connection closer] DEBUG com.zaxxer.hikari.pool.PoolBase - HikariPool-1 - Closing connection org.postgresql.jdbc.PgConnection@42dee429: (connection evicted)
2024-11-27 23:24:05 [HikariPool-1 connection closer] DEBUG com.zaxxer.hikari.pool.PoolBase - HikariPool-1 - Closing connection org.postgresql.jdbc.PgConnection@6c8f95f3: (connection evicted)
2024-11-27 23:24:05 [HikariPool-1 connection closer] DEBUG com.zaxxer.hikari.pool.PoolBase - HikariPool-1 - Closing connection org.postgresql.jdbc.PgConnection@1a33ec29: (connection evicted)
2024-11-27 23:24:05 [SpringApplicationShutdownHook] DEBUG com.zaxxer.hikari.pool.HikariPool - HikariPool-1 - After shutdown stats (total=0, active=0, idle=0, waiting=0)
2024-11-27 23:24:05 [SpringApplicationShutdownHook] INFO  com.zaxxer.hikari.HikariDataSource - HikariPool-1 - Shutdown completed.
