2024-11-27 23:23:58 [main] DEBUG o.hibernate.type.BasicTypeRegistry - Adding type registration java.lang.Object -> org.hibernate.type.JavaObjectType@6d6f6ca9
2024-11-27 23:23:58 [main] DEBUG o.hibernate.type.BasicTypeRegistry - Type registration key [java.lang.Object] overrode previous entry : `org.hibernate.type.JavaObjectType@5d2a86c0`
2024-11-27 23:23:58 [main] DEBUG o.hibernate.type.BasicTypeRegistry - Adding type registration org.hibernate.envers.internal.entities.RevisionTypeType -> org.hibernate.type.CustomType@7d17906
2024-11-27 23:23:58 [main] DEBUG o.hibernate.type.BasicTypeRegistry - Adding type registration org.hibernate.type.DurationType -> basicType@1(java.time.Duration,3015)
2024-11-27 23:23:58 [main] DEBUG o.hibernate.type.BasicTypeRegistry - Adding type registration Duration -> basicType@1(java.time.Duration,3015)
2024-11-27 23:23:58 [main] DEBUG o.hibernate.type.BasicTypeRegistry - Adding type registration java.time.Duration -> basicType@1(java.time.Duration,3015)
2024-11-27 23:23:58 [main] DEBUG o.hibernate.type.BasicTypeRegistry - Adding type registration org.hibernate.envers.internal.entities.RevisionTypeType -> org.hibernate.type.CustomType@5a2f401a
2024-11-27 23:23:58 [main] DEBUG o.hibernate.type.BasicTypeRegistry - Type registration key [org.hibernate.envers.internal.entities.RevisionTypeType] overrode previous entry : `org.hibernate.type.CustomType@7d17906`
2024-11-27 23:23:58 [main] DEBUG o.hibernate.type.BasicTypeRegistry - Adding type registration org.hibernate.type.OffsetDateTimeType -> basicType@2(java.time.OffsetDateTime,3003)
2024-11-27 23:23:58 [main] DEBUG o.hibernate.type.BasicTypeRegistry - Adding type registration OffsetDateTime -> basicType@2(java.time.OffsetDateTime,3003)
2024-11-27 23:23:58 [main] DEBUG o.hibernate.type.BasicTypeRegistry - Adding type registration java.time.OffsetDateTime -> basicType@2(java.time.OffsetDateTime,3003)
2024-11-27 23:23:58 [main] DEBUG o.hibernate.type.BasicTypeRegistry - Adding type registration org.hibernate.type.ZonedDateTimeType -> basicType@3(java.time.ZonedDateTime,3003)
2024-11-27 23:23:58 [main] DEBUG o.hibernate.type.BasicTypeRegistry - Adding type registration ZonedDateTime -> basicType@3(java.time.ZonedDateTime,3003)
2024-11-27 23:23:58 [main] DEBUG o.hibernate.type.BasicTypeRegistry - Adding type registration java.time.ZonedDateTime -> basicType@3(java.time.ZonedDateTime,3003)
2024-11-27 23:23:58 [main] DEBUG o.hibernate.type.BasicTypeRegistry - Adding type registration org.hibernate.type.OffsetTimeType -> basicType@4(java.time.OffsetTime,3007)
2024-11-27 23:23:58 [main] DEBUG o.hibernate.type.BasicTypeRegistry - Adding type registration OffsetTime -> basicType@4(java.time.OffsetTime,3007)
2024-11-27 23:23:58 [main] DEBUG o.hibernate.type.BasicTypeRegistry - Adding type registration java.time.OffsetTime -> basicType@4(java.time.OffsetTime,3007)
2024-11-27 23:23:58 [main] DEBUG o.h.type.spi.TypeConfiguration$Scope - Scoping TypeConfiguration [org.hibernate.type.spi.TypeConfiguration@33e8e146] to MetadataBuildingContext [org.hibernate.boot.internal.MetadataBuildingContextRootImpl@1f4d38f9]
2024-11-27 23:23:58 [HikariPool-1 connection adder] DEBUG com.zaxxer.hikari.pool.HikariPool - HikariPool-1 - After adding stats (total=2, active=0, idle=2, waiting=0)
2024-11-27 23:23:58 [main] DEBUG o.h.boot.model.relational.Namespace - Created database namespace [logicalName=Name{catalog=null, schema=null}, physicalName=Name{catalog=null, schema=null}]
2024-11-27 23:23:58 [main] DEBUG o.h.b.m.s.i.a.AnnotationMetadataSourceProcessorImpl - Skipping explicit MappedSuperclass com.avinash.prod_ready_features.prod_ready_features.entities.AuditableEntity, the class will be discovered analyzing the implementing class
2024-11-27 23:23:58 [main] DEBUG o.h.boot.model.internal.EntityBinder - Binding entity from annotated class: com.avinash.prod_ready_features.prod_ready_features.entities.PostEntity
2024-11-27 23:23:58 [main] DEBUG o.h.boot.model.internal.EntityBinder - Import with entity name PostEntity
2024-11-27 23:23:58 [main] DEBUG o.h.boot.model.internal.EntityBinder - Bind entity com.avinash.prod_ready_features.prod_ready_features.entities.PostEntity on table posts
2024-11-27 23:23:58 [main] DEBUG o.h.b.model.internal.AnnotatedColumn - Binding column: AnnotatedDiscriminatorColumn(column='DTYPE')
2024-11-27 23:23:58 [main] DEBUG o.h.b.model.internal.AnnotatedColumn - Binding column: AnnotatedColumn()
2024-11-27 23:23:58 [main] DEBUG o.h.b.internal.ClassLoaderAccessImpl - Not known whether passed class name [com.avinash.prod_ready_features.prod_ready_features.entities.PostEntity] is safe
2024-11-27 23:23:58 [main] DEBUG o.h.b.internal.ClassLoaderAccessImpl - No temp ClassLoader provided; using live ClassLoader for loading potentially unsafe class : com.avinash.prod_ready_features.prod_ready_features.entities.PostEntity
2024-11-27 23:23:58 [main] DEBUG o.h.b.model.internal.PropertyBinder - MetadataSourceProcessor property id with lazy=false
2024-11-27 23:23:58 [main] DEBUG o.h.b.m.i.AbstractPropertyHolder - Attempting to locate auto-apply AttributeConverter for property [com.avinash.prod_ready_features.prod_ready_features.entities.PostEntity:id]
2024-11-27 23:23:58 [main] DEBUG o.h.b.m.internal.BasicValueBinder - building BasicValue for id
2024-11-27 23:23:58 [main] DEBUG org.hibernate.mapping.BasicValue - Skipping column re-registration: posts.id
2024-11-27 23:23:58 [main] DEBUG o.h.b.model.internal.PropertyBinder - Building property id
2024-11-27 23:23:58 [main] DEBUG o.h.boot.model.internal.BinderHelper - #makeIdGenerator(BasicValue([Column(id)]), id, identity, , ...)
2024-11-27 23:23:58 [main] DEBUG o.h.b.model.internal.AnnotatedColumn - Binding column: AnnotatedColumn()
2024-11-27 23:23:58 [main] DEBUG o.h.b.model.internal.PropertyBinder - MetadataSourceProcessor property createdAt with lazy=false
2024-11-27 23:23:58 [main] DEBUG o.h.b.m.i.AbstractPropertyHolder - Attempting to locate auto-apply AttributeConverter for property [com.avinash.prod_ready_features.prod_ready_features.entities.PostEntity:createdAt]
2024-11-27 23:23:58 [main] DEBUG o.h.b.m.internal.BasicValueBinder - building BasicValue for createdAt
2024-11-27 23:23:58 [main] DEBUG org.hibernate.mapping.BasicValue - Skipping column re-registration: posts.created_at
2024-11-27 23:23:58 [main] DEBUG o.h.b.model.internal.PropertyBinder - Building property createdAt
2024-11-27 23:23:58 [main] DEBUG o.h.b.model.internal.AnnotatedColumn - Binding column: AnnotatedColumn()
2024-11-27 23:23:58 [main] DEBUG o.h.b.model.internal.PropertyBinder - MetadataSourceProcessor property createdBy with lazy=false
2024-11-27 23:23:58 [main] DEBUG o.h.b.m.i.AbstractPropertyHolder - Attempting to locate auto-apply AttributeConverter for property [com.avinash.prod_ready_features.prod_ready_features.entities.PostEntity:createdBy]
2024-11-27 23:23:58 [main] DEBUG o.h.b.m.internal.BasicValueBinder - building BasicValue for createdBy
2024-11-27 23:23:58 [main] DEBUG org.hibernate.mapping.BasicValue - Skipping column re-registration: posts.created_by
2024-11-27 23:23:58 [main] DEBUG o.h.b.model.internal.PropertyBinder - Building property createdBy
2024-11-27 23:23:58 [main] DEBUG o.h.b.model.internal.AnnotatedColumn - Binding column: AnnotatedColumn()
2024-11-27 23:23:58 [main] DEBUG o.h.b.model.internal.PropertyBinder - MetadataSourceProcessor property modifiedBy with lazy=false
2024-11-27 23:23:58 [main] DEBUG o.h.b.m.i.AbstractPropertyHolder - Attempting to locate auto-apply AttributeConverter for property [com.avinash.prod_ready_features.prod_ready_features.entities.PostEntity:modifiedBy]
2024-11-27 23:23:58 [main] DEBUG o.h.b.m.internal.BasicValueBinder - building BasicValue for modifiedBy
2024-11-27 23:23:58 [main] DEBUG org.hibernate.mapping.BasicValue - Skipping column re-registration: posts.modified_by
2024-11-27 23:23:58 [main] DEBUG o.h.b.model.internal.PropertyBinder - Building property modifiedBy
2024-11-27 23:23:58 [main] DEBUG o.h.b.model.internal.AnnotatedColumn - Binding column: AnnotatedColumn()
2024-11-27 23:23:58 [main] DEBUG o.h.b.model.internal.PropertyBinder - MetadataSourceProcessor property updatedAt with lazy=false
2024-11-27 23:23:58 [main] DEBUG o.h.b.m.i.AbstractPropertyHolder - Attempting to locate auto-apply AttributeConverter for property [com.avinash.prod_ready_features.prod_ready_features.entities.PostEntity:updatedAt]
2024-11-27 23:23:58 [main] DEBUG o.h.b.m.internal.BasicValueBinder - building BasicValue for updatedAt
2024-11-27 23:23:58 [main] DEBUG org.hibernate.mapping.BasicValue - Skipping column re-registration: posts.updated_at
2024-11-27 23:23:58 [main] DEBUG o.h.b.model.internal.PropertyBinder - Building property updatedAt
2024-11-27 23:23:58 [main] DEBUG o.h.b.model.internal.AnnotatedColumn - Binding column: AnnotatedColumn()
2024-11-27 23:23:58 [main] DEBUG o.h.b.model.internal.PropertyBinder - MetadataSourceProcessor property description with lazy=false
2024-11-27 23:23:58 [main] DEBUG o.h.b.m.i.AbstractPropertyHolder - Attempting to locate auto-apply AttributeConverter for property [com.avinash.prod_ready_features.prod_ready_features.entities.PostEntity:description]
2024-11-27 23:23:58 [main] DEBUG o.h.b.m.internal.BasicValueBinder - building BasicValue for description
2024-11-27 23:23:58 [main] DEBUG org.hibernate.mapping.BasicValue - Skipping column re-registration: posts.description
2024-11-27 23:23:58 [main] DEBUG o.h.b.model.internal.PropertyBinder - Building property description
2024-11-27 23:23:58 [main] DEBUG o.h.b.model.internal.AnnotatedColumn - Binding column: AnnotatedColumn()
2024-11-27 23:23:58 [main] DEBUG o.h.b.model.internal.PropertyBinder - MetadataSourceProcessor property title with lazy=false
2024-11-27 23:23:58 [main] DEBUG o.h.b.m.i.AbstractPropertyHolder - Attempting to locate auto-apply AttributeConverter for property [com.avinash.prod_ready_features.prod_ready_features.entities.PostEntity:title]
2024-11-27 23:23:58 [main] DEBUG o.h.b.m.internal.BasicValueBinder - building BasicValue for title
2024-11-27 23:23:58 [main] DEBUG org.hibernate.mapping.BasicValue - Skipping column re-registration: posts.title
2024-11-27 23:23:58 [main] DEBUG o.h.b.model.internal.PropertyBinder - Building property title
2024-11-27 23:23:58 [main] DEBUG o.h.b.r.c.i.ClassLoaderServiceImpl - HHH000194: Package not found or no package-info.java: com.avinash.prod_ready_features.prod_ready_features.entities
2024-11-27 23:23:58 [main] DEBUG o.h.j.e.i.CallbackDefinitionResolverLegacyImpl - Adding touchForUpdate as PreUpdate callback for entity com.avinash.prod_ready_features.prod_ready_features.entities.PostEntity
2024-11-27 23:23:58 [main] DEBUG o.h.j.e.i.CallbackDefinitionResolverLegacyImpl - Adding touchForCreate as PrePersist callback for entity com.avinash.prod_ready_features.prod_ready_features.entities.PostEntity
2024-11-27 23:23:58 [main] DEBUG o.h.b.m.internal.BasicValueBinder - Starting `BasicValueBinder#fillSimpleValue` for id
2024-11-27 23:23:58 [main] DEBUG o.h.b.m.internal.BasicValueBinder - Starting `BasicValueBinder#fillSimpleValue` for createdAt
2024-11-27 23:23:58 [main] DEBUG o.h.b.m.internal.BasicValueBinder - Starting `BasicValueBinder#fillSimpleValue` for createdBy
2024-11-27 23:23:58 [main] DEBUG o.h.b.m.internal.BasicValueBinder - Starting `BasicValueBinder#fillSimpleValue` for modifiedBy
2024-11-27 23:23:58 [main] DEBUG o.h.b.m.internal.BasicValueBinder - Starting `BasicValueBinder#fillSimpleValue` for updatedAt
2024-11-27 23:23:58 [main] DEBUG o.h.b.m.internal.BasicValueBinder - Starting `BasicValueBinder#fillSimpleValue` for description
2024-11-27 23:23:58 [main] DEBUG o.h.b.m.internal.BasicValueBinder - Starting `BasicValueBinder#fillSimpleValue` for title
2024-11-27 23:23:58 [main] DEBUG org.hibernate.mapping.PrimaryKey - Forcing column [id] to be non-null as it is part of the primary key for table [posts]
2024-11-27 23:23:58 [HikariPool-1 connection adder] DEBUG com.zaxxer.hikari.pool.HikariPool - HikariPool-1 - Added connection org.postgresql.jdbc.PgConnection@3b5060b4
2024-11-27 23:23:58 [HikariPool-1 connection adder] DEBUG com.zaxxer.hikari.pool.HikariPool - HikariPool-1 - After adding stats (total=3, active=0, idle=3, waiting=0)
2024-11-27 23:23:58 [main] DEBUG o.h.e.c.i.m.AuditMetadataGenerator - Generating first-pass auditing mapping for entity com.avinash.prod_ready_features.prod_ready_features.entities.PostEntity
2024-11-27 23:23:58 [main] INFO  o.h.e.c.i.m.AuditMetadataGenerator - Adding properties for entity: com.avinash.prod_ready_features.prod_ready_features.entities.PostEntity
2024-11-27 23:23:58 [main] DEBUG o.h.e.c.i.m.AuditMetadataGenerator - Generating second-pass auditing mapping for entity com.avinash.prod_ready_features.prod_ready_features.entities.PostEntity
2024-11-27 23:23:58 [main] DEBUG o.h.b.m.s.internal.hbm.ModelBinder - Mapping class: com.avinash.prod_ready_features.prod_ready_features.entities.PostEntity_AUD -> posts_aud
2024-11-27 23:23:58 [main] DEBUG o.h.b.m.s.internal.hbm.ModelBinder - Binding component [com.avinash.prod_ready_features.prod_ready_features.entities.PostEntity_AUD.originalId]
2024-11-27 23:23:58 [main] DEBUG org.hibernate.mapping.BasicValue - Skipping column re-registration: posts_aud.id
2024-11-27 23:23:58 [main] DEBUG org.hibernate.mapping.BasicValue - Skipping column re-registration: posts_aud.id
2024-11-27 23:23:58 [main] DEBUG o.h.b.m.s.internal.hbm.ModelBinder - Mapped property: id -> [id]
2024-11-27 23:23:58 [main] DEBUG o.h.b.m.s.internal.hbm.ModelBinder - Mapped property: REV -> [rev]
2024-11-27 23:23:58 [main] DEBUG o.h.b.m.s.internal.hbm.ModelBinder - Mapped property: originalId -> [id, rev]
2024-11-27 23:23:58 [main] DEBUG org.hibernate.mapping.PrimaryKey - Forcing column [rev] to be non-null as it is part of the primary key for table [posts_aud]
2024-11-27 23:23:58 [main] DEBUG org.hibernate.mapping.PrimaryKey - Forcing column [id] to be non-null as it is part of the primary key for table [posts_aud]
2024-11-27 23:23:58 [main] DEBUG org.hibernate.mapping.BasicValue - Skipping column re-registration: posts_aud.revtype
2024-11-27 23:23:58 [main] DEBUG org.hibernate.mapping.BasicValue - Skipping column re-registration: posts_aud.revtype
2024-11-27 23:23:58 [main] DEBUG o.h.b.m.s.internal.hbm.ModelBinder - Mapped property: REVTYPE -> [revtype]
2024-11-27 23:23:58 [main] DEBUG org.hibernate.mapping.BasicValue - Skipping column re-registration: posts_aud.created_at
2024-11-27 23:23:58 [main] DEBUG org.hibernate.mapping.BasicValue - Skipping column re-registration: posts_aud.created_at
2024-11-27 23:23:58 [main] DEBUG o.h.b.m.s.internal.hbm.ModelBinder - Mapped property: createdAt -> [created_at]
2024-11-27 23:23:58 [main] DEBUG org.hibernate.mapping.BasicValue - Skipping column re-registration: posts_aud.created_by
2024-11-27 23:23:58 [main] DEBUG org.hibernate.mapping.BasicValue - Skipping column re-registration: posts_aud.created_by
2024-11-27 23:23:58 [main] DEBUG o.h.b.m.s.internal.hbm.ModelBinder - Mapped property: createdBy -> [created_by]
2024-11-27 23:23:58 [main] DEBUG org.hibernate.mapping.BasicValue - Skipping column re-registration: posts_aud.modified_by
2024-11-27 23:23:58 [main] DEBUG org.hibernate.mapping.BasicValue - Skipping column re-registration: posts_aud.modified_by
2024-11-27 23:23:58 [main] DEBUG o.h.b.m.s.internal.hbm.ModelBinder - Mapped property: modifiedBy -> [modified_by]
2024-11-27 23:23:58 [main] DEBUG org.hibernate.mapping.BasicValue - Skipping column re-registration: posts_aud.updated_at
2024-11-27 23:23:58 [main] DEBUG org.hibernate.mapping.BasicValue - Skipping column re-registration: posts_aud.updated_at
2024-11-27 23:23:58 [main] DEBUG o.h.b.m.s.internal.hbm.ModelBinder - Mapped property: updatedAt -> [updated_at]
2024-11-27 23:23:58 [main] DEBUG org.hibernate.mapping.BasicValue - Skipping column re-registration: posts_aud.title
2024-11-27 23:23:58 [main] DEBUG org.hibernate.mapping.BasicValue - Skipping column re-registration: posts_aud.title
2024-11-27 23:23:58 [main] DEBUG o.h.b.m.s.internal.hbm.ModelBinder - Mapped property: title -> [title]
2024-11-27 23:23:58 [main] DEBUG o.h.b.m.s.internal.hbm.ModelBinder - Mapping class: org.hibernate.envers.DefaultRevisionEntity -> revinfo
2024-11-27 23:23:58 [main] DEBUG org.hibernate.mapping.BasicValue - Skipping column re-registration: revinfo.rev
2024-11-27 23:23:58 [main] DEBUG org.hibernate.mapping.BasicValue - Skipping column re-registration: revinfo.rev
2024-11-27 23:23:58 [main] DEBUG o.h.b.m.s.internal.hbm.ModelBinder - Mapped property: id -> [rev]
2024-11-27 23:23:58 [main] DEBUG org.hibernate.mapping.PrimaryKey - Forcing column [rev] to be non-null as it is part of the primary key for table [revinfo]
2024-11-27 23:23:58 [main] DEBUG org.hibernate.mapping.BasicValue - Skipping column re-registration: revinfo.revtstmp
2024-11-27 23:23:58 [main] DEBUG org.hibernate.mapping.BasicValue - Skipping column re-registration: revinfo.revtstmp
2024-11-27 23:23:58 [main] DEBUG o.h.b.m.s.internal.hbm.ModelBinder - Mapped property: timestamp -> [revtstmp]
2024-11-27 23:23:58 [HikariPool-1 connection adder] DEBUG com.zaxxer.hikari.pool.HikariPool - HikariPool-1 - Added connection org.postgresql.jdbc.PgConnection@7e52e9ba
2024-11-27 23:23:58 [HikariPool-1 connection adder] DEBUG com.zaxxer.hikari.pool.HikariPool - HikariPool-1 - After adding stats (total=4, active=0, idle=4, waiting=0)
2024-11-27 23:23:58 [main] DEBUG o.h.internal.SessionFactoryImpl - Building session factory
2024-11-27 23:23:58 [main] DEBUG o.h.s.i.SessionFactoryServiceRegistryImpl - EventListenerRegistry access via ServiceRegistry is deprecated.  Use `sessionFactory.getEventEngine().getListenerRegistry()` instead
2024-11-27 23:23:58 [main] DEBUG o.h.internal.SessionFactoryImpl - Instantiating SessionFactory with settings: {java.specification.version=22, sun.cpu.isalist=amd64, hibernate.resource.beans.container=org.springframework.orm.hibernate5.SpringBeanContainer@229514ff, hibernate.connection.handling_mode=DELAYED_ACQUISITION_AND_HOLD, sun.jnu.encoding=Cp1252, hibernate.implicit_naming_strategy=org.springframework.boot.orm.jpa.hibernate.SpringImplicitNamingStrategy, java.class.path=C:\Users\HP\.m2\repository\org\junit\platform\junit-platform-launcher\1.10.5\junit-platform-launcher-1.10.5.jar;C:\Program Files\JetBrains\IntelliJ IDEA Community Edition 2024.2\lib\idea_rt.jar;C:\Program Files\JetBrains\IntelliJ IDEA Community Edition 2024.2\plugins\junit\lib\junit5-rt.jar;C:\Program Files\JetBrains\IntelliJ IDEA Community Edition 2024.2\plugins\junit\lib\junit-rt.jar;D:\function\springboot2\prod-ready-features_week4\target\test-classes;D:\function\springboot2\prod-ready-features_week4\target\classes;C:\Users\HP\.m2\repository\org\springframework\boot\spring-boot-starter-data-jpa\3.3.5\spring-boot-starter-data-jpa-3.3.5.jar;C:\Users\HP\.m2\repository\org\springframework\boot\spring-boot-starter-aop\3.3.5\spring-boot-starter-aop-3.3.5.jar;C:\Users\HP\.m2\repository\org\springframework\spring-aop\6.1.14\spring-aop-6.1.14.jar;C:\Users\HP\.m2\repository\org\aspectj\aspectjweaver\1.9.22.1\aspectjweaver-1.9.22.1.jar;C:\Users\HP\.m2\repository\org\springframework\boot\spring-boot-starter-jdbc\3.3.5\spring-boot-starter-jdbc-3.3.5.jar;C:\Users\HP\.m2\repository\com\zaxxer\HikariCP\5.1.0\HikariCP-5.1.0.jar;C:\Users\HP\.m2\repository\org\springframework\spring-jdbc\6.1.14\spring-jdbc-6.1.14.jar;C:\Users\HP\.m2\repository\org\hibernate\orm\hibernate-core\6.5.3.Final\hibernate-core-6.5.3.Final.jar;C:\Users\HP\.m2\repository\jakarta\persistence\jakarta.persistence-api\3.1.0\jakarta.persistence-api-3.1.0.jar;C:\Users\HP\.m2\repository\jakarta\transaction\jakarta.transaction-api\2.0.1\jakarta.transaction-api-2.0.1.jar;C:\Users\HP\.m2\repository\com\fasterxml\classmate\1.7.0\classmate-1.7.0.jar;C:\Users\HP\.m2\repository\net\bytebuddy\byte-buddy\1.14.19\byte-buddy-1.14.19.jar;C:\Users\HP\.m2\repository\jakarta\inject\jakarta.inject-api\2.0.1\jakarta.inject-api-2.0.1.jar;C:\Users\HP\.m2\repository\org\antlr\antlr4-runtime\4.13.0\antlr4-runtime-4.13.0.jar;C:\Users\HP\.m2\repository\org\springframework\data\spring-data-jpa\3.3.5\spring-data-jpa-3.3.5.jar;C:\Users\HP\.m2\repository\org\springframework\data\spring-data-commons\3.3.5\spring-data-commons-3.3.5.jar;C:\Users\HP\.m2\repository\org\springframework\spring-orm\6.1.14\spring-orm-6.1.14.jar;C:\Users\HP\.m2\repository\org\springframework\spring-context\6.1.14\spring-context-6.1.14.jar;C:\Users\HP\.m2\repository\org\springframework\spring-tx\6.1.14\spring-tx-6.1.14.jar;C:\Users\HP\.m2\repository\org\springframework\spring-beans\6.1.14\spring-beans-6.1.14.jar;C:\Users\HP\.m2\repository\jakarta\annotation\jakarta.annotation-api\2.1.1\jakarta.annotation-api-2.1.1.jar;C:\Users\HP\.m2\repository\org\slf4j\slf4j-api\2.0.16\slf4j-api-2.0.16.jar;C:\Users\HP\.m2\repository\org\springframework\spring-aspects\6.1.14\spring-aspects-6.1.14.jar;C:\Users\HP\.m2\repository\org\springframework\boot\spring-boot-starter-web\3.3.5\spring-boot-starter-web-3.3.5.jar;C:\Users\HP\.m2\repository\org\springframework\boot\spring-boot-starter\3.3.5\spring-boot-starter-3.3.5.jar;C:\Users\HP\.m2\repository\org\yaml\snakeyaml\2.2\snakeyaml-2.2.jar;C:\Users\HP\.m2\repository\org\springframework\boot\spring-boot-starter-json\3.3.5\spring-boot-starter-json-3.3.5.jar;C:\Users\HP\.m2\repository\com\fasterxml\jackson\core\jackson-databind\2.17.2\jackson-databind-2.17.2.jar;C:\Users\HP\.m2\repository\com\fasterxml\jackson\core\jackson-annotations\2.17.2\jackson-annotations-2.17.2.jar;C:\Users\HP\.m2\repository\com\fasterxml\jackson\core\jackson-core\2.17.2\jackson-core-2.17.2.jar;C:\Users\HP\.m2\repository\com\fasterxml\jackson\datatype\jackson-datatype-jdk8\2.17.2\jackson-datatype-jdk8-2.17.2.jar;C:\Users\HP\.m2\repository\com\fasterxml\jackson\datatype\jackson-datatype-jsr310\2.17.2\jackson-datatype-jsr310-2.17.2.jar;C:\Users\HP\.m2\repository\com\fasterxml\jackson\module\jackson-module-parameter-names\2.17.2\jackson-module-parameter-names-2.17.2.jar;C:\Users\HP\.m2\repository\org\springframework\boot\spring-boot-starter-tomcat\3.3.5\spring-boot-starter-tomcat-3.3.5.jar;C:\Users\HP\.m2\repository\org\apache\tomcat\embed\tomcat-embed-core\10.1.31\tomcat-embed-core-10.1.31.jar;C:\Users\HP\.m2\repository\org\apache\tomcat\embed\tomcat-embed-el\10.1.31\tomcat-embed-el-10.1.31.jar;C:\Users\HP\.m2\repository\org\apache\tomcat\embed\tomcat-embed-websocket\10.1.31\tomcat-embed-websocket-10.1.31.jar;C:\Users\HP\.m2\repository\org\springframework\spring-web\6.1.14\spring-web-6.1.14.jar;C:\Users\HP\.m2\repository\io\micrometer\micrometer-observation\1.13.6\micrometer-observation-1.13.6.jar;C:\Users\HP\.m2\repository\io\micrometer\micrometer-commons\1.13.6\micrometer-commons-1.13.6.jar;C:\Users\HP\.m2\repository\org\springframework\spring-webmvc\6.1.14\spring-webmvc-6.1.14.jar;C:\Users\HP\.m2\repository\org\springframework\spring-expression\6.1.14\spring-expression-6.1.14.jar;C:\Users\HP\.m2\repository\com\mysql\mysql-connector-j\8.3.0\mysql-connector-j-8.3.0.jar;C:\Users\HP\.m2\repository\org\projectlombok\lombok\1.18.34\lombok-1.18.34.jar;C:\Users\HP\.m2\repository\org\postgresql\postgresql\42.7.2\postgresql-42.7.2.jar;C:\Users\HP\.m2\repository\org\checkerframework\checker-qual\3.42.0\checker-qual-3.42.0.jar;C:\Users\HP\.m2\repository\org\springframework\boot\spring-boot-starter-test\3.3.5\spring-boot-starter-test-3.3.5.jar;C:\Users\HP\.m2\repository\org\springframework\boot\spring-boot-test\3.3.5\spring-boot-test-3.3.5.jar;C:\Users\HP\.m2\repository\org\springframework\boot\spring-boot-test-autoconfigure\3.3.5\spring-boot-test-autoconfigure-3.3.5.jar;C:\Users\HP\.m2\repository\com\jayway\jsonpath\json-path\2.9.0\json-path-2.9.0.jar;C:\Users\HP\.m2\repository\jakarta\xml\bind\jakarta.xml.bind-api\4.0.2\jakarta.xml.bind-api-4.0.2.jar;C:\Users\HP\.m2\repository\jakarta\activation\jakarta.activation-api\2.1.3\jakarta.activation-api-2.1.3.jar;C:\Users\HP\.m2\repository\net\minidev\json-smart\2.5.1\json-smart-2.5.1.jar;C:\Users\HP\.m2\repository\net\minidev\accessors-smart\2.5.1\accessors-smart-2.5.1.jar;C:\Users\HP\.m2\repository\org\ow2\asm\asm\9.6\asm-9.6.jar;C:\Users\HP\.m2\repository\org\assertj\assertj-core\3.25.3\assertj-core-3.25.3.jar;C:\Users\HP\.m2\repository\org\awaitility\awaitility\4.2.2\awaitility-4.2.2.jar;C:\Users\HP\.m2\repository\org\hamcrest\hamcrest\2.2\hamcrest-2.2.jar;C:\Users\HP\.m2\repository\org\junit\jupiter\junit-jupiter\5.10.5\junit-jupiter-5.10.5.jar;C:\Users\HP\.m2\repository\org\junit\jupiter\junit-jupiter-api\5.10.5\junit-jupiter-api-5.10.5.jar;C:\Users\HP\.m2\repository\org\opentest4j\opentest4j\1.3.0\opentest4j-1.3.0.jar;C:\Users\HP\.m2\repository\org\junit\platform\junit-platform-commons\1.10.5\junit-platform-commons-1.10.5.jar;C:\Users\HP\.m2\repository\org\apiguardian\apiguardian-api\1.1.2\apiguardian-api-1.1.2.jar;C:\Users\HP\.m2\repository\org\junit\jupiter\junit-jupiter-params\5.10.5\junit-jupiter-params-5.10.5.jar;C:\Users\HP\.m2\repository\org\junit\jupiter\junit-jupiter-engine\5.10.5\junit-jupiter-engine-5.10.5.jar;C:\Users\HP\.m2\repository\org\junit\platform\junit-platform-engine\1.10.5\junit-platform-engine-1.10.5.jar;C:\Users\HP\.m2\repository\org\mockito\mockito-core\5.11.0\mockito-core-5.11.0.jar;C:\Users\HP\.m2\repository\net\bytebuddy\byte-buddy-agent\1.14.19\byte-buddy-agent-1.14.19.jar;C:\Users\HP\.m2\repository\org\objenesis\objenesis\3.3\objenesis-3.3.jar;C:\Users\HP\.m2\repository\org\mockito\mockito-junit-jupiter\5.11.0\mockito-junit-jupiter-5.11.0.jar;C:\Users\HP\.m2\repository\org\skyscreamer\jsonassert\1.5.3\jsonassert-1.5.3.jar;C:\Users\HP\.m2\repository\com\vaadin\external\google\android-json\0.0.20131108.vaadin1\android-json-0.0.20131108.vaadin1.jar;C:\Users\HP\.m2\repository\org\springframework\spring-core\6.1.14\spring-core-6.1.14.jar;C:\Users\HP\.m2\repository\org\springframework\spring-jcl\6.1.14\spring-jcl-6.1.14.jar;C:\Users\HP\.m2\repository\org\springframework\spring-test\6.1.14\spring-test-6.1.14.jar;C:\Users\HP\.m2\repository\org\xmlunit\xmlunit-core\2.9.1\xmlunit-core-2.9.1.jar;C:\Users\HP\.m2\repository\org\springframework\boot\spring-boot-devtools\3.3.5\spring-boot-devtools-3.3.5.jar;C:\Users\HP\.m2\repository\org\springframework\boot\spring-boot\3.3.5\spring-boot-3.3.5.jar;C:\Users\HP\.m2\repository\org\springframework\boot\spring-boot-autoconfigure\3.3.5\spring-boot-autoconfigure-3.3.5.jar;C:\Users\HP\.m2\repository\org\modelmapper\modelmapper\3.0.0\modelmapper-3.0.0.jar;C:\Users\HP\.m2\repository\org\hibernate\orm\hibernate-envers\6.5.3.Final\hibernate-envers-6.5.3.Final.jar;C:\Users\HP\.m2\repository\org\jboss\logging\jboss-logging\3.5.3.Final\jboss-logging-3.5.3.Final.jar;C:\Users\HP\.m2\repository\org\glassfish\jaxb\jaxb-runtime\4.0.5\jaxb-runtime-4.0.5.jar;C:\Users\HP\.m2\repository\org\glassfish\jaxb\jaxb-core\4.0.5\jaxb-core-4.0.5.jar;C:\Users\HP\.m2\repository\org\eclipse\angus\angus-activation\2.0.2\angus-activation-2.0.2.jar;C:\Users\HP\.m2\repository\org\glassfish\jaxb\txw2\4.0.5\txw2-4.0.5.jar;C:\Users\HP\.m2\repository\com\sun\istack\istack-commons-runtime\4.1.2\istack-commons-runtime-4.1.2.jar;C:\Users\HP\.m2\repository\org\hibernate\common\hibernate-commons-annotations\6.0.6.Final\hibernate-commons-annotations-6.0.6.Final.jar;C:\Users\HP\.m2\repository\io\smallrye\jandex\3.1.2\jandex-3.1.2.jar;C:\Users\HP\.m2\repository\org\springframework\boot\spring-boot-starter-logging\3.3.5\spring-boot-starter-logging-3.3.5.jar;C:\Users\HP\.m2\repository\ch\qos\logback\logback-classic\1.5.11\logback-classic-1.5.11.jar;C:\Users\HP\.m2\repository\ch\qos\logback\logback-core\1.5.11\logback-core-1.5.11.jar;C:\Users\HP\.m2\repository\org\apache\logging\log4j\log4j-to-slf4j\2.23.1\log4j-to-slf4j-2.23.1.jar;C:\Users\HP\.m2\repository\org\apache\logging\log4j\log4j-api\2.23.1\log4j-api-2.23.1.jar;C:\Users\HP\.m2\repository\org\slf4j\jul-to-slf4j\2.0.16\jul-to-slf4j-2.0.16.jar, java.vm.vendor=Oracle Corporation, sun.arch.data.model=64, idea.test.cyclic.buffer.size=1048576, user.variant=, java.vendor.url=https://java.oracle.com/, user.timezone=Asia/Calcutta, jakarta.persistence.sharedCache.mode=UNSPECIFIED, org.jboss.logging.provider=slf4j, java.vm.specification.version=22, os.name=Windows 11, jakarta.persistence.nonJtaDataSource=HikariDataSource (HikariPool-1), sun.java.launcher=SUN_STANDARD, user.country=IN, sun.boot.library.path=C:\Users\HP\.jdks\openjdk-22.0.2\bin, sun.java.command=com.intellij.rt.junit.JUnitStarter -ideVersion5 -junit5 com.avinash.prod_ready_features.prod_ready_features.ProdReadyFeaturesApplicationTests,getAllEmployees, javax.persistence.nonJtaDataSource=HikariDataSource (HikariPool-1), hibernate.transaction.jta.platform=org.hibernate.engine.transaction.jta.platform.internal.NoJtaPlatform@664254b6, jdk.debug=release, sun.cpu.endian=little, hibernate.cdi.extensions=true, user.home=C:\Users\HP, user.language=en, sun.stderr.encoding=UTF-8, java.specification.vendor=Oracle Corporation, java.version.date=2024-07-16, java.home=C:\Users\HP\.jdks\openjdk-22.0.2, file.separator=\, java.vm.compressedOopsMode=Zero based, sun.stdout.encoding=UTF-8, line.separator=
, hibernate.persistenceUnitName=default, java.vm.specification.vendor=Oracle Corporation, java.specification.name=Java Platform API Specification, FILE_LOG_CHARSET=UTF-8, hibernate.transaction.coordinator_class=class org.hibernate.resource.transaction.backend.jdbc.internal.JdbcResourceLocalTransactionCoordinatorBuilderImpl, java.awt.headless=true, jakarta.persistence.validation.mode=AUTO, hibernate.hbm2ddl.auto=update, user.script=, sun.management.compiler=HotSpot 64-Bit Tiered Compilers, java.runtime.version=22.0.2+9-70, user.name=HP, stdout.encoding=UTF-8, path.separator=;, os.version=10.0, java.runtime.name=OpenJDK Runtime Environment, file.encoding=UTF-8, java.vm.name=OpenJDK 64-Bit Server VM, hibernate.show_sql=true, LOG_FILE=Appication.log, java.vendor.url.bug=https://bugreport.java.com/bugreport/, java.io.tmpdir=C:\Users\HP\AppData\Local\Temp\, java.version=22.0.2, hibernate.physical_naming_strategy=org.hibernate.boot.model.naming.CamelCaseToUnderscoresNamingStrategy, user.dir=D:\function\springboot2\prod-ready-features_week4, os.arch=amd64, java.vm.specification.name=Java Virtual Machine Specification, PID=15424, sun.os.patch.level=, CONSOLE_LOG_CHARSET=UTF-8, hibernate.boot.CfgXmlAccessService.key=org.hibernate.boot.registry.StandardServiceRegistryBuilder$1@714b6999, native.encoding=Cp1252, java.library.path=C:\Users\HP\.jdks\openjdk-22.0.2\bin;C:\WINDOWS\Sun\Java\bin;C:\WINDOWS\system32;C:\WINDOWS;C:\Program Files\Common Files\Oracle\Java\javapath;C:\Program Files (x86)\Common Files\Oracle\Java\javapath;C:\Program Files (x86)\VMware\VMware Player\bin\;C:\ProgramData\Oracle\Java\javapath;C:\windows\system32;C:\windows;C:\windows\System32\Wbem;C:\windows\System32\WindowsPowerShell\v1.0\;C:\windows\System32\OpenSSH\;C:\Program Files (x86)\NVIDIA Corporation\PhysX\Common;C:\Program Files\NVIDIA Corporation\NVIDIA NvDLISR;C:\MinGW\bin;C:\WINDOWS\system32;C:\WINDOWS;C:\WINDOWS\System32\Wbem;C:\WINDOWS\System32\WindowsPowerShell\v1.0\;C:\WINDOWS\System32\OpenSSH\;C:\Program Files\Git\cmd;C:\ProgramData\chocolatey\bin;C:\Program Files (x86)\GTK2-Runtime\lib;C:\Program Files\WindowsPowerShell\Scripts\HP.ClientScriptLibrary;C:\Program Files (x86)\Microsoft SQL Server\160\Tools\Binn\;C:\Program Files\Microsoft SQL Server\160\Tools\Binn\;C:\Program Files\Microsoft SQL Server\Client SDK\ODBC\170\Tools\Binn\;C:\Program Files\Microsoft SQL Server\160\DTS\Binn\;C:\Program Files (x86)\Microsoft SQL Server\160\DTS\Binn\;C:\Program Files\Azure Data Studio\bin;C:\Program Files\nodejs\;C:\Program Files\MongoDB\mongosh-2.2.3-win32-x64\bin;C:\MinGW\bin;;C:\Program Files\Docker\Docker\resources\bin;C:\Program Files\Go\bin;C:\Program Files\MySQL\MySQL Server 8.1\bin;C:\Users\HP\AppData\Local\Programs\Eclipse Adoptium\jdk-17.0.8.101-hotspot\bin;C:\Users\HP\AppData\Local\Programs\Python\Python311\Scripts\;C:\Users\HP\AppData\Local\Programs\Python\Python311\;C:\Users\HP\AppData\Local\Microsoft\WindowsApps;C:\Users\HP\AppData\Local\Programs\Microsoft VS Code\bin;C:\ProgramData\HP\GitHubDesktop\bin;C:\Users\HP\AppData\Local\GitHubDesktop\bin;C:\Users\HP\AppData\Local\Programs\Python\Python311\Scripts;C:\Program Files\Azure Data Studio\bin;C:\Users\HP\AppData\Roaming\npm;C:\Users\HP\go\bin;C:\Program Files\JetBrains\IntelliJ IDEA Community Edition 2024.2\bin;;C:\Program Files\apache-maven-3.9.9-bin\apache-maven-3.9.9\bin;;., stderr.encoding=UTF-8, java.vendor=Oracle Corporation, java.vm.info=mixed mode, sharing, java.vm.version=22.0.2+9-70, sun.io.unicode.encoding=UnicodeLittle, hibernate.archive.scanner=org.hibernate.boot.archive.scan.internal.DisabledScanner, hibernate.connection.datasource=HikariDataSource (HikariPool-1), CONSOLE_LOG_PATTERN=%d{dd-mm-yyyy hh:MM:ss} {%level} %c{1.} ---- %m%n, java.class.version=66.0, LOGGED_APPLICATION_NAME=[prod-ready-features_week4] }
2024-11-27 23:23:58 [main] DEBUG o.h.internal.SessionFactoryImpl - Session factory constructed with filter configurations : {}
2024-11-27 23:23:58 [main] DEBUG o.h.s.i.SessionFactoryServiceRegistryImpl - EventListenerRegistry access via ServiceRegistry is deprecated.  Use `sessionFactory.getEventEngine().getListenerRegistry()` instead
2024-11-27 23:23:58 [main] DEBUG o.h.e.s.i.EventListenerGroupImpl - Checking incoming listener [`org.hibernate.envers.event.spi.EnversPostDeleteEventListenerImpl@41abee65`] for match against existing listener [`org.hibernate.event.internal.PostDeleteEventListenerStandardImpl@6fc6f68f`]
2024-11-27 23:23:58 [main] DEBUG o.h.e.s.i.EventListenerGroupImpl - Checking incoming listener [`org.hibernate.envers.event.spi.EnversPostDeleteEventListenerImpl@41abee65`] for match against existing listener [`org.hibernate.event.internal.PostDeleteEventListenerStandardImpl@6fc6f68f`]
2024-11-27 23:23:58 [main] DEBUG o.h.e.s.i.EventListenerGroupImpl - Checking incoming listener [`org.hibernate.envers.event.spi.EnversPostInsertEventListenerImpl@762f8ff6`] for match against existing listener [`org.hibernate.event.internal.PostInsertEventListenerStandardImpl@30ed2a26`]
2024-11-27 23:23:58 [main] DEBUG o.h.e.s.i.EventListenerGroupImpl - Checking incoming listener [`org.hibernate.envers.event.spi.EnversPostInsertEventListenerImpl@762f8ff6`] for match against existing listener [`org.hibernate.event.internal.PostInsertEventListenerStandardImpl@30ed2a26`]
2024-11-27 23:23:58 [main] DEBUG o.h.e.s.i.EventListenerGroupImpl - Checking incoming listener [`org.hibernate.envers.event.spi.EnversPostUpdateEventListenerImpl@5308e79d`] for match against existing listener [`org.hibernate.event.internal.PostUpdateEventListenerStandardImpl@2431050d`]
2024-11-27 23:23:58 [main] DEBUG o.h.e.s.i.EventListenerGroupImpl - Checking incoming listener [`org.hibernate.envers.event.spi.EnversPostUpdateEventListenerImpl@5308e79d`] for match against existing listener [`org.hibernate.event.internal.PostUpdateEventListenerStandardImpl@2431050d`]
2024-11-27 23:23:58 [main] DEBUG o.h.q.s.function.SqmFunctionRegistry - Registered SqmFunctionTemplate [org.hibernate.envers.function.OrderByFragmentFunction@3ce7a354] under _order_by_frag; prior registration was null
2024-11-27 23:23:59 [HikariPool-1 connection adder] DEBUG com.zaxxer.hikari.pool.HikariPool - HikariPool-1 - Added connection org.postgresql.jdbc.PgConnection@f553b9f
2024-11-27 23:23:59 [main] DEBUG o.h.q.s.function.SqmFunctionRegistry - Registered SqmFunctionTemplate [NamedSqmFunctionTemplate(max)] under max; prior registration was null
2024-11-27 23:23:59 [main] DEBUG o.h.q.s.function.SqmFunctionRegistry - Registered SqmFunctionTemplate [NamedSqmFunctionTemplate(min)] under min; prior registration was null
2024-11-27 23:23:59 [main] DEBUG o.h.q.s.function.SqmFunctionRegistry - Registered SqmFunctionTemplate [NamedSqmFunctionTemplate(sum)] under sum; prior registration was null
2024-11-27 23:23:59 [main] DEBUG o.h.q.s.function.SqmFunctionRegistry - Registered SqmFunctionTemplate [NamedSqmFunctionTemplate(avg)] under avg; prior registration was null
2024-11-27 23:23:59 [main] DEBUG o.h.q.s.function.SqmFunctionRegistry - Registered SqmFunctionTemplate [org.hibernate.dialect.function.CountFunction@4deca78] under count; prior registration was null
2024-11-27 23:23:59 [main] DEBUG o.h.q.s.function.SqmFunctionRegistry - Registered SqmFunctionTemplate [org.hibernate.dialect.function.EveryAnyEmulation@31b289da] under every; prior registration was null
2024-11-27 23:23:59 [main] DEBUG o.h.q.s.function.SqmFunctionRegistry - Registered SqmFunctionTemplate [org.hibernate.dialect.function.EveryAnyEmulation@58486deb] under any; prior registration was null
2024-11-27 23:23:59 [main] DEBUG o.h.q.s.function.SqmFunctionRegistry - Registered SqmFunctionTemplate [NamedSqmFunctionTemplate(floor)] under floor; prior registration was null
2024-11-27 23:23:59 [main] DEBUG o.h.q.s.function.SqmFunctionRegistry - Registered SqmFunctionTemplate [NamedSqmFunctionTemplate(ceiling)] under ceiling; prior registration was null
2024-11-27 23:23:59 [main] DEBUG o.h.q.s.function.SqmFunctionRegistry - Registered SqmFunctionTemplate [NamedSqmFunctionTemplate(mod)] under mod; prior registration was null
2024-11-27 23:23:59 [main] DEBUG o.h.q.s.function.SqmFunctionRegistry - Registered SqmFunctionTemplate [NamedSqmFunctionTemplate(abs)] under abs; prior registration was null
2024-11-27 23:23:59 [main] DEBUG o.h.q.s.function.SqmFunctionRegistry - Registered SqmFunctionTemplate [NamedSqmFunctionTemplate(sign)] under sign; prior registration was null
2024-11-27 23:23:59 [main] DEBUG o.h.q.s.function.SqmFunctionRegistry - Registered SqmFunctionTemplate [NamedSqmFunctionTemplate(sqrt)] under sqrt; prior registration was null
2024-11-27 23:23:59 [main] DEBUG o.h.q.s.function.SqmFunctionRegistry - Registered SqmFunctionTemplate [NamedSqmFunctionTemplate(ln)] under ln; prior registration was null
2024-11-27 23:23:59 [main] DEBUG o.h.q.s.function.SqmFunctionRegistry - Registered SqmFunctionTemplate [NamedSqmFunctionTemplate(exp)] under exp; prior registration was null
2024-11-27 23:23:59 [main] DEBUG o.h.q.s.function.SqmFunctionRegistry - Registered SqmFunctionTemplate [NamedSqmFunctionTemplate(power)] under power; prior registration was null
2024-11-27 23:23:59 [main] DEBUG o.h.q.s.function.SqmFunctionRegistry - Registered SqmFunctionTemplate [NamedSqmFunctionTemplate(round)] under round; prior registration was null
2024-11-27 23:23:59 [main] DEBUG o.h.q.s.function.SqmFunctionRegistry - Registered SqmFunctionTemplate [NamedSqmFunctionTemplate(sin)] under sin; prior registration was null
2024-11-27 23:23:59 [main] DEBUG o.h.q.s.function.SqmFunctionRegistry - Registered SqmFunctionTemplate [NamedSqmFunctionTemplate(cos)] under cos; prior registration was null
2024-11-27 23:23:59 [main] DEBUG o.h.q.s.function.SqmFunctionRegistry - Registered SqmFunctionTemplate [NamedSqmFunctionTemplate(tan)] under tan; prior registration was null
2024-11-27 23:23:59 [main] DEBUG o.h.q.s.function.SqmFunctionRegistry - Registered SqmFunctionTemplate [NamedSqmFunctionTemplate(asin)] under asin; prior registration was null
2024-11-27 23:23:59 [main] DEBUG o.h.q.s.function.SqmFunctionRegistry - Registered SqmFunctionTemplate [NamedSqmFunctionTemplate(acos)] under acos; prior registration was null
2024-11-27 23:23:59 [main] DEBUG o.h.q.s.function.SqmFunctionRegistry - Registered SqmFunctionTemplate [NamedSqmFunctionTemplate(atan)] under atan; prior registration was null
2024-11-27 23:23:59 [main] DEBUG o.h.q.s.function.SqmFunctionRegistry - Registered SqmFunctionTemplate [NamedSqmFunctionTemplate(atan2)] under atan2; prior registration was null
2024-11-27 23:23:59 [main] DEBUG o.h.q.s.function.SqmFunctionRegistry - Registered SqmFunctionTemplate [org.hibernate.query.sqm.function.PatternBasedSqmFunctionDescriptor@1d67348a] under sinh; prior registration was null
2024-11-27 23:23:59 [main] DEBUG o.h.q.s.function.SqmFunctionRegistry - Registered SqmFunctionTemplate [org.hibernate.query.sqm.function.PatternBasedSqmFunctionDescriptor@39f8adc0] under cosh; prior registration was null
2024-11-27 23:23:59 [main] DEBUG o.h.q.s.function.SqmFunctionRegistry - Registered SqmFunctionTemplate [org.hibernate.query.sqm.function.PatternBasedSqmFunctionDescriptor@c7269ad] under tanh; prior registration was null
2024-11-27 23:23:59 [main] DEBUG o.h.q.s.function.SqmFunctionRegistry - Registered SqmFunctionTemplate [org.hibernate.query.sqm.function.PatternBasedSqmFunctionDescriptor@1c23e369] under pi; prior registration was null
2024-11-27 23:23:59 [main] DEBUG o.h.q.s.function.SqmFunctionRegistry - Registered SqmFunctionTemplate [org.hibernate.query.sqm.function.PatternBasedSqmFunctionDescriptor@38445703] under log; prior registration was null
2024-11-27 23:23:59 [main] DEBUG o.h.q.s.function.SqmFunctionRegistry - Registered SqmFunctionTemplate [NamedSqmFunctionTemplate(coalesce)] under coalesce; prior registration was null
2024-11-27 23:23:59 [main] DEBUG o.h.q.s.function.SqmFunctionRegistry - Registered SqmFunctionTemplate [NamedSqmFunctionTemplate(nullif)] under nullif; prior registration was null
2024-11-27 23:23:59 [main] DEBUG o.h.q.s.function.SqmFunctionRegistry - Registered SqmFunctionTemplate [NamedSqmFunctionTemplate(left)] under left; prior registration was null
2024-11-27 23:23:59 [main] DEBUG o.h.q.s.function.SqmFunctionRegistry - Registered SqmFunctionTemplate [NamedSqmFunctionTemplate(right)] under right; prior registration was null
2024-11-27 23:23:59 [main] DEBUG o.h.q.s.function.SqmFunctionRegistry - Registered SqmFunctionTemplate [NamedSqmFunctionTemplate(replace)] under replace; prior registration was null
2024-11-27 23:23:59 [main] DEBUG o.h.q.s.function.SqmFunctionRegistry - Registered SqmFunctionTemplate [NamedSqmFunctionTemplate(concat)] under concat; prior registration was null
2024-11-27 23:23:59 [main] DEBUG o.h.q.s.function.SqmFunctionRegistry - Registered SqmFunctionTemplate [NamedSqmFunctionTemplate(lower)] under lower; prior registration was null
2024-11-27 23:23:59 [main] DEBUG o.h.q.s.function.SqmFunctionRegistry - Registered SqmFunctionTemplate [NamedSqmFunctionTemplate(upper)] under upper; prior registration was null
2024-11-27 23:23:59 [main] DEBUG o.h.q.s.function.SqmFunctionRegistry - Registered SqmFunctionTemplate [NamedSqmFunctionTemplate(substring)] under substring; prior registration was null
2024-11-27 23:23:59 [main] DEBUG o.h.q.s.function.SqmFunctionRegistry - Registered SqmFunctionTemplate [NamedSqmFunctionTemplate(locate)] under locate; prior registration was null
2024-11-27 23:23:59 [main] DEBUG o.h.q.s.function.SqmFunctionRegistry - Registered SqmFunctionTemplate [NamedSqmFunctionTemplate(character_length)] under character_length; prior registration was null
2024-11-27 23:23:59 [main] DEBUG o.h.q.s.function.SqmFunctionRegistry - Registering alternate key : length -> character_length
2024-11-27 23:23:59 [main] DEBUG o.h.q.s.function.SqmFunctionRegistry - Registered SqmFunctionTemplate [org.hibernate.dialect.function.LocatePositionEmulation@3023f157] under position; prior registration was null
2024-11-27 23:23:59 [main] DEBUG o.h.q.s.function.SqmFunctionRegistry - Registered SqmFunctionTemplate [org.hibernate.dialect.function.InsertSubstringOverlayEmulation@7fb5368e] under overlay; prior registration was null
2024-11-27 23:23:59 [HikariPool-1 connection adder] DEBUG com.zaxxer.hikari.pool.HikariPool - HikariPool-1 - After adding stats (total=5, active=0, idle=5, waiting=0)
2024-11-27 23:23:59 [main] DEBUG o.h.q.s.function.SqmFunctionRegistry - Registered SqmFunctionTemplate [org.hibernate.dialect.function.TrimFunction@102aa5fc] under trim; prior registration was null
2024-11-27 23:23:59 [main] DEBUG o.h.q.s.function.SqmFunctionRegistry - Registered SqmFunctionTemplate [org.hibernate.dialect.function.CastFunction@4f9980e1] under cast; prior registration was null
2024-11-27 23:23:59 [main] DEBUG o.h.q.s.function.SqmFunctionRegistry - Registered SqmFunctionTemplate [org.hibernate.query.sqm.function.PatternBasedSqmFunctionDescriptor@1f6e6f50] under collate; prior registration was null
2024-11-27 23:23:59 [main] DEBUG o.h.q.s.function.SqmFunctionRegistry - Registered SqmFunctionTemplate [org.hibernate.dialect.function.ExtractFunction@16890f00] under extract; prior registration was null
2024-11-27 23:23:59 [main] DEBUG o.h.q.s.function.SqmFunctionRegistry - Registered SqmFunctionTemplate [NamedSqmFunctionTemplate(least)] under least; prior registration was null
2024-11-27 23:23:59 [main] DEBUG o.h.q.s.function.SqmFunctionRegistry - Registered SqmFunctionTemplate [NamedSqmFunctionTemplate(greatest)] under greatest; prior registration was null
2024-11-27 23:23:59 [main] DEBUG o.h.q.s.function.SqmFunctionRegistry - Registered SqmFunctionTemplate [org.hibernate.dialect.function.CoalesceIfnullEmulation@42f2cae8] under ifnull; prior registration was null
2024-11-27 23:23:59 [main] DEBUG o.h.q.s.function.SqmFunctionRegistry - Registered SqmFunctionTemplate [NamedSqmFunctionTemplate(lpad)] under lpad; prior registration was null
2024-11-27 23:23:59 [main] DEBUG o.h.q.s.function.SqmFunctionRegistry - Registered SqmFunctionTemplate [NamedSqmFunctionTemplate(rpad)] under rpad; prior registration was null
2024-11-27 23:23:59 [main] DEBUG o.h.q.s.function.SqmFunctionRegistry - Registered SqmFunctionTemplate [org.hibernate.dialect.function.LpadRpadPadEmulation@403cff1c] under pad; prior registration was null
2024-11-27 23:23:59 [main] DEBUG o.h.q.s.function.SqmFunctionRegistry - Registered SqmFunctionTemplate [org.hibernate.dialect.function.CastStrEmulation@56976b8b] under str; prior registration was null
2024-11-27 23:23:59 [main] DEBUG o.h.q.s.function.SqmFunctionRegistry - Registered SqmFunctionTemplate [org.hibernate.dialect.function.FormatFunction@6c8d638a] under format; prior registration was null
2024-11-27 23:23:59 [main] DEBUG o.h.q.s.function.SqmFunctionRegistry - Registered SqmFunctionTemplate [org.hibernate.dialect.function.TimestampaddFunction@52e92f6] under timestampadd; prior registration was null
2024-11-27 23:23:59 [main] DEBUG o.h.q.s.function.SqmFunctionRegistry - Registered SqmFunctionTemplate [org.hibernate.dialect.function.TimestampdiffFunction@188ae8d2] under timestampdiff; prior registration was null
2024-11-27 23:23:59 [main] DEBUG o.h.q.s.function.SqmFunctionRegistry - Registering alternate key : dateadd -> timestampadd
2024-11-27 23:23:59 [main] DEBUG o.h.q.s.function.SqmFunctionRegistry - Registering alternate key : datediff -> timestampdiff
2024-11-27 23:23:59 [main] DEBUG o.h.q.s.function.SqmFunctionRegistry - Registered SqmFunctionTemplate [org.hibernate.dialect.function.CurrentFunction@10ec4721] under current_date; prior registration was null
2024-11-27 23:23:59 [main] DEBUG o.h.q.s.function.SqmFunctionRegistry - Registered SqmFunctionTemplate [org.hibernate.dialect.function.CurrentFunction@7bdf94f2] under current_time; prior registration was null
2024-11-27 23:23:59 [main] DEBUG o.h.q.s.function.SqmFunctionRegistry - Registered SqmFunctionTemplate [org.hibernate.dialect.function.CurrentFunction@6b92a0d1] under current_timestamp; prior registration was null
2024-11-27 23:23:59 [main] DEBUG o.h.q.s.function.SqmFunctionRegistry - Registering alternate key : current date -> current_date
2024-11-27 23:23:59 [main] DEBUG o.h.q.s.function.SqmFunctionRegistry - Registering alternate key : current time -> current_time
2024-11-27 23:23:59 [main] DEBUG o.h.q.s.function.SqmFunctionRegistry - Registering alternate key : current timestamp -> current_timestamp
2024-11-27 23:23:59 [main] DEBUG o.h.q.s.function.SqmFunctionRegistry - Registered SqmFunctionTemplate [org.hibernate.dialect.function.CurrentFunction@4b9ed99d] under local_date; prior registration was null
2024-11-27 23:23:59 [main] DEBUG o.h.q.s.function.SqmFunctionRegistry - Registered SqmFunctionTemplate [org.hibernate.dialect.function.CurrentFunction@39b95a80] under local_time; prior registration was null
2024-11-27 23:23:59 [main] DEBUG o.h.q.s.function.SqmFunctionRegistry - Registered SqmFunctionTemplate [org.hibernate.dialect.function.CurrentFunction@3ec62141] under local_datetime; prior registration was null
2024-11-27 23:23:59 [main] DEBUG o.h.q.s.function.SqmFunctionRegistry - Registered SqmFunctionTemplate [org.hibernate.dialect.function.CurrentFunction@402c9a60] under offset_datetime; prior registration was null
2024-11-27 23:23:59 [main] DEBUG o.h.q.s.function.SqmFunctionRegistry - Registering alternate key : local date -> local_date
2024-11-27 23:23:59 [main] DEBUG o.h.q.s.function.SqmFunctionRegistry - Registering alternate key : local time -> local_time
2024-11-27 23:23:59 [main] DEBUG o.h.q.s.function.SqmFunctionRegistry - Registering alternate key : local datetime -> local_datetime
2024-11-27 23:23:59 [main] DEBUG o.h.q.s.function.SqmFunctionRegistry - Registering alternate key : offset datetime -> offset_datetime
2024-11-27 23:23:59 [main] DEBUG o.h.q.s.function.SqmFunctionRegistry - Registered SqmFunctionTemplate [org.hibernate.dialect.function.CurrentFunction@7d43f1c9] under instant; prior registration was null
2024-11-27 23:23:59 [main] DEBUG o.h.q.s.function.SqmFunctionRegistry - Registering alternate key : current_instant -> instant
2024-11-27 23:23:59 [main] DEBUG o.h.q.s.function.SqmFunctionRegistry - Registered SqmFunctionTemplate [org.hibernate.dialect.function.SqlFunction@476a2819] under sql; prior registration was null
2024-11-27 23:23:59 [main] DEBUG o.h.q.s.function.SqmFunctionRegistry - Registered SqmFunctionTemplate [NamedSqmFunctionTemplate(cot)] under cot; prior registration was null
2024-11-27 23:23:59 [main] DEBUG o.h.q.s.function.SqmFunctionRegistry - Registered SqmFunctionTemplate [NamedSqmFunctionTemplate(radians)] under radians; prior registration was null
2024-11-27 23:23:59 [main] DEBUG o.h.q.s.function.SqmFunctionRegistry - Registered SqmFunctionTemplate [NamedSqmFunctionTemplate(degrees)] under degrees; prior registration was null
2024-11-27 23:23:59 [main] DEBUG o.h.q.s.function.SqmFunctionRegistry - Registered SqmFunctionTemplate [NamedSqmFunctionTemplate(log)] under log; prior registration was org.hibernate.query.sqm.function.PatternBasedSqmFunctionDescriptor@38445703
2024-11-27 23:23:59 [main] DEBUG o.h.q.s.function.SqmFunctionRegistry - Registered SqmFunctionTemplate [org.hibernate.query.sqm.function.PatternBasedSqmFunctionDescriptor@279ab15e] under mod; prior registration was NamedSqmFunctionTemplate(mod)
2024-11-27 23:23:59 [main] DEBUG o.h.q.s.function.SqmFunctionRegistry - Registered SqmFunctionTemplate [NamedSqmFunctionTemplate(log10)] under log10; prior registration was null
2024-11-27 23:23:59 [main] DEBUG o.h.q.s.function.SqmFunctionRegistry - Registered SqmFunctionTemplate [NamedSqmFunctionTemplate(tanh)] under tanh; prior registration was org.hibernate.query.sqm.function.PatternBasedSqmFunctionDescriptor@c7269ad
2024-11-27 23:23:59 [main] DEBUG o.h.q.s.function.SqmFunctionRegistry - Registered SqmFunctionTemplate [NamedSqmFunctionTemplate(sinh)] under sinh; prior registration was org.hibernate.query.sqm.function.PatternBasedSqmFunctionDescriptor@1d67348a
