2025-05-01 22:36:20 [restartedMain] DEBUG o.hibernate.type.BasicTypeRegistry - Adding type registration date -> org.hibernate.type.BasicTypeReference@332085e5
2025-05-01 22:36:20 [restartedMain] DEBUG o.hibernate.type.BasicTypeRegistry - Adding type registration java.sql.Date -> org.hibernate.type.BasicTypeReference@332085e5
2025-05-01 22:36:20 [restartedMain] DEBUG o.hibernate.type.BasicTypeRegistry - Adding type registration time -> org.hibernate.type.BasicTypeReference@281ef024
2025-05-01 22:36:20 [restartedMain] DEBUG o.hibernate.type.BasicTypeRegistry - Adding type registration java.sql.Time -> org.hibernate.type.BasicTypeReference@281ef024
2025-05-01 22:36:20 [restartedMain] DEBUG o.hibernate.type.BasicTypeRegistry - Adding type registration timestamp -> org.hibernate.type.BasicTypeReference@133be95e
2025-05-01 22:36:20 [restartedMain] DEBUG o.hibernate.type.BasicTypeRegistry - Adding type registration java.sql.Timestamp -> org.hibernate.type.BasicTypeReference@133be95e
2025-05-01 22:36:20 [restartedMain] DEBUG o.hibernate.type.BasicTypeRegistry - Adding type registration java.util.Date -> org.hibernate.type.BasicTypeReference@133be95e
2025-05-01 22:36:20 [restartedMain] DEBUG o.hibernate.type.BasicTypeRegistry - Adding type registration calendar -> org.hibernate.type.BasicTypeReference@24034971
2025-05-01 22:36:20 [restartedMain] DEBUG o.hibernate.type.BasicTypeRegistry - Adding type registration java.util.Calendar -> org.hibernate.type.BasicTypeReference@24034971
2025-05-01 22:36:20 [restartedMain] DEBUG o.hibernate.type.BasicTypeRegistry - Adding type registration java.util.GregorianCalendar -> org.hibernate.type.BasicTypeReference@24034971
2025-05-01 22:36:20 [restartedMain] DEBUG o.hibernate.type.BasicTypeRegistry - Adding type registration calendar_date -> org.hibernate.type.BasicTypeReference@41ec94c6
2025-05-01 22:36:20 [restartedMain] DEBUG o.hibernate.type.BasicTypeRegistry - Adding type registration calendar_time -> org.hibernate.type.BasicTypeReference@1e2cc30f
2025-05-01 22:36:20 [restartedMain] DEBUG o.hibernate.type.BasicTypeRegistry - Adding type registration instant -> org.hibernate.type.BasicTypeReference@5291b88d
2025-05-01 22:36:20 [restartedMain] DEBUG o.hibernate.type.BasicTypeRegistry - Adding type registration java.time.Instant -> org.hibernate.type.BasicTypeReference@5291b88d
2025-05-01 22:36:20 [restartedMain] DEBUG o.hibernate.type.BasicTypeRegistry - Adding type registration uuid -> org.hibernate.type.BasicTypeReference@6ce73b6f
2025-05-01 22:36:20 [restartedMain] DEBUG o.hibernate.type.BasicTypeRegistry - Adding type registration java.util.UUID -> org.hibernate.type.BasicTypeReference@6ce73b6f
2025-05-01 22:36:20 [restartedMain] DEBUG o.hibernate.type.BasicTypeRegistry - Adding type registration pg-uuid -> org.hibernate.type.BasicTypeReference@6ce73b6f
2025-05-01 22:36:20 [restartedMain] DEBUG o.hibernate.type.BasicTypeRegistry - Adding type registration uuid-binary -> org.hibernate.type.BasicTypeReference@4908d891
2025-05-01 22:36:20 [restartedMain] DEBUG o.hibernate.type.BasicTypeRegistry - Adding type registration uuid-char -> org.hibernate.type.BasicTypeReference@31c44e04
2025-05-01 22:36:20 [restartedMain] DEBUG o.hibernate.type.BasicTypeRegistry - Adding type registration class -> org.hibernate.type.BasicTypeReference@6e4ecd61
2025-05-01 22:36:20 [restartedMain] DEBUG o.hibernate.type.BasicTypeRegistry - Adding type registration java.lang.Class -> org.hibernate.type.BasicTypeReference@6e4ecd61
2025-05-01 22:36:20 [restartedMain] DEBUG o.hibernate.type.BasicTypeRegistry - Adding type registration currency -> org.hibernate.type.BasicTypeReference@3b27af84
2025-05-01 22:36:20 [restartedMain] DEBUG o.hibernate.type.BasicTypeRegistry - Adding type registration Currency -> org.hibernate.type.BasicTypeReference@3b27af84
2025-05-01 22:36:20 [restartedMain] DEBUG o.hibernate.type.BasicTypeRegistry - Adding type registration java.util.Currency -> org.hibernate.type.BasicTypeReference@3b27af84
2025-05-01 22:36:20 [restartedMain] DEBUG o.hibernate.type.BasicTypeRegistry - Adding type registration locale -> org.hibernate.type.BasicTypeReference@27c3f8c7
2025-05-01 22:36:20 [restartedMain] DEBUG o.hibernate.type.BasicTypeRegistry - Adding type registration java.util.Locale -> org.hibernate.type.BasicTypeReference@27c3f8c7
2025-05-01 22:36:20 [restartedMain] DEBUG o.hibernate.type.BasicTypeRegistry - Adding type registration serializable -> org.hibernate.type.BasicTypeReference@3f7e1c9b
2025-05-01 22:36:20 [restartedMain] DEBUG o.hibernate.type.BasicTypeRegistry - Adding type registration java.io.Serializable -> org.hibernate.type.BasicTypeReference@3f7e1c9b
2025-05-01 22:36:20 [restartedMain] DEBUG o.hibernate.type.BasicTypeRegistry - Adding type registration timezone -> org.hibernate.type.BasicTypeReference@39a3df7f
2025-05-01 22:36:20 [restartedMain] DEBUG o.hibernate.type.BasicTypeRegistry - Adding type registration java.util.TimeZone -> org.hibernate.type.BasicTypeReference@39a3df7f
2025-05-01 22:36:20 [restartedMain] DEBUG o.hibernate.type.BasicTypeRegistry - Adding type registration ZoneOffset -> org.hibernate.type.BasicTypeReference@2cf3b146
2025-05-01 22:36:20 [restartedMain] DEBUG o.hibernate.type.BasicTypeRegistry - Adding type registration java.time.ZoneOffset -> org.hibernate.type.BasicTypeReference@2cf3b146
2025-05-01 22:36:20 [restartedMain] DEBUG o.hibernate.type.BasicTypeRegistry - Adding type registration url -> org.hibernate.type.BasicTypeReference@14ce71df
2025-05-01 22:36:20 [restartedMain] DEBUG o.hibernate.type.BasicTypeRegistry - Adding type registration java.net.URL -> org.hibernate.type.BasicTypeReference@14ce71df
2025-05-01 22:36:20 [restartedMain] DEBUG o.hibernate.type.BasicTypeRegistry - Adding type registration vector -> org.hibernate.type.BasicTypeReference@5b1b2d19
2025-05-01 22:36:20 [restartedMain] DEBUG o.hibernate.type.BasicTypeRegistry - Adding type registration row_version -> org.hibernate.type.BasicTypeReference@7c645922
2025-05-01 22:36:20 [restartedMain] DEBUG o.hibernate.type.BasicTypeRegistry - Adding type registration object -> org.hibernate.type.JavaObjectType@79f994b1
2025-05-01 22:36:20 [restartedMain] DEBUG o.hibernate.type.BasicTypeRegistry - Adding type registration java.lang.Object -> org.hibernate.type.JavaObjectType@79f994b1
2025-05-01 22:36:20 [restartedMain] DEBUG o.hibernate.type.BasicTypeRegistry - Adding type registration null -> org.hibernate.type.NullType@1a75893a
2025-05-01 22:36:20 [restartedMain] DEBUG o.hibernate.type.BasicTypeRegistry - Adding type registration imm_date -> org.hibernate.type.BasicTypeReference@70fccf7c
2025-05-01 22:36:20 [restartedMain] DEBUG o.hibernate.type.BasicTypeRegistry - Adding type registration imm_time -> org.hibernate.type.BasicTypeReference@562d2711
2025-05-01 22:36:20 [restartedMain] DEBUG o.hibernate.type.BasicTypeRegistry - Adding type registration imm_timestamp -> org.hibernate.type.BasicTypeReference@7fe20c3b
2025-05-01 22:36:20 [restartedMain] DEBUG o.hibernate.type.BasicTypeRegistry - Adding type registration imm_calendar -> org.hibernate.type.BasicTypeReference@496876a4
2025-05-01 22:36:20 [restartedMain] DEBUG o.hibernate.type.BasicTypeRegistry - Adding type registration imm_calendar_date -> org.hibernate.type.BasicTypeReference@5f79d7da
2025-05-01 22:36:20 [restartedMain] DEBUG o.hibernate.type.BasicTypeRegistry - Adding type registration imm_calendar_time -> org.hibernate.type.BasicTypeReference@6053768b
2025-05-01 22:36:20 [restartedMain] DEBUG o.hibernate.type.BasicTypeRegistry - Adding type registration imm_binary -> org.hibernate.type.BasicTypeReference@f3f3d6e
2025-05-01 22:36:20 [restartedMain] DEBUG o.hibernate.type.BasicTypeRegistry - Adding type registration imm_serializable -> org.hibernate.type.BasicTypeReference@5e8b77b
2025-05-01 22:36:20 [restartedMain] DEBUG o.h.b.internal.BootstrapContextImpl - Injecting JPA temp ClassLoader [org.springframework.instrument.classloading.SimpleThrowawayClassLoader@2251f8d1] into BootstrapContext; was [null]
2025-05-01 22:36:20 [restartedMain] DEBUG o.h.b.internal.ClassLoaderAccessImpl - ClassLoaderAccessImpl#injectTempClassLoader(org.springframework.instrument.classloading.SimpleThrowawayClassLoader@2251f8d1) [was null]
2025-05-01 22:36:20 [restartedMain] DEBUG o.h.b.internal.BootstrapContextImpl - Injecting ScanEnvironment [org.hibernate.jpa.boot.internal.StandardJpaScanEnvironmentImpl@6177027d] into BootstrapContext; was [null]
2025-05-01 22:36:20 [restartedMain] DEBUG o.h.b.internal.BootstrapContextImpl - Injecting ScanOptions [org.hibernate.boot.archive.scan.internal.StandardScanOptions@2dc625b7] into BootstrapContext; was [org.hibernate.boot.archive.scan.internal.StandardScanOptions@1c4a5d09]
2025-05-01 22:36:20 [restartedMain] INFO  o.h.e.b.internal.EnversServiceImpl - Envers integration enabled? : true
2025-05-01 22:36:21 [restartedMain] INFO  o.s.o.j.p.SpringPersistenceUnitInfo - No LoadTimeWeaver setup: ignoring JPA class transformer
2025-05-01 22:36:21 [restartedMain] DEBUG o.h.b.internal.BootstrapContextImpl - Injecting JPA temp ClassLoader [null] into BootstrapContext; was [org.springframework.instrument.classloading.SimpleThrowawayClassLoader@2251f8d1]
2025-05-01 22:36:21 [restartedMain] DEBUG o.h.b.internal.ClassLoaderAccessImpl - ClassLoaderAccessImpl#injectTempClassLoader(null) [was org.springframework.instrument.classloading.SimpleThrowawayClassLoader@2251f8d1]
2025-05-01 22:36:21 [restartedMain] DEBUG com.zaxxer.hikari.HikariConfig - HikariPool-1 - configuration:
2025-05-01 22:36:21 [restartedMain] DEBUG com.zaxxer.hikari.HikariConfig - allowPoolSuspension.............false
2025-05-01 22:36:21 [restartedMain] DEBUG com.zaxxer.hikari.HikariConfig - autoCommit......................true
2025-05-01 22:36:21 [restartedMain] DEBUG com.zaxxer.hikari.HikariConfig - catalog.........................none
2025-05-01 22:36:21 [restartedMain] DEBUG com.zaxxer.hikari.HikariConfig - connectionInitSql...............none
2025-05-01 22:36:21 [restartedMain] DEBUG com.zaxxer.hikari.HikariConfig - connectionTestQuery.............none
2025-05-01 22:36:21 [restartedMain] DEBUG com.zaxxer.hikari.HikariConfig - connectionTimeout...............30000
2025-05-01 22:36:21 [restartedMain] DEBUG com.zaxxer.hikari.HikariConfig - dataSource......................none
2025-05-01 22:36:21 [restartedMain] DEBUG com.zaxxer.hikari.HikariConfig - dataSourceClassName.............none
2025-05-01 22:36:21 [restartedMain] DEBUG com.zaxxer.hikari.HikariConfig - dataSourceJNDI..................none
2025-05-01 22:36:21 [restartedMain] DEBUG com.zaxxer.hikari.HikariConfig - dataSourceProperties............{password=<masked>}
2025-05-01 22:36:21 [restartedMain] DEBUG com.zaxxer.hikari.HikariConfig - driverClassName................."org.postgresql.Driver"
2025-05-01 22:36:21 [restartedMain] DEBUG com.zaxxer.hikari.HikariConfig - exceptionOverrideClassName......none
2025-05-01 22:36:21 [restartedMain] DEBUG com.zaxxer.hikari.HikariConfig - healthCheckProperties...........{}
2025-05-01 22:36:21 [restartedMain] DEBUG com.zaxxer.hikari.HikariConfig - healthCheckRegistry.............none
2025-05-01 22:36:21 [restartedMain] DEBUG com.zaxxer.hikari.HikariConfig - idleTimeout.....................600000
2025-05-01 22:36:21 [restartedMain] DEBUG com.zaxxer.hikari.HikariConfig - initializationFailTimeout.......1
2025-05-01 22:36:21 [restartedMain] DEBUG com.zaxxer.hikari.HikariConfig - isolateInternalQueries..........false
2025-05-01 22:36:21 [restartedMain] DEBUG com.zaxxer.hikari.HikariConfig - jdbcUrl.........................jdbc:postgresql://pg-1d5b0237-avinashtiwari2405-7d2d.i.aivencloud.com:28141/defaultdb
2025-05-01 22:36:21 [restartedMain] DEBUG com.zaxxer.hikari.HikariConfig - keepaliveTime...................0
2025-05-01 22:36:21 [restartedMain] DEBUG com.zaxxer.hikari.HikariConfig - leakDetectionThreshold..........0
2025-05-01 22:36:21 [restartedMain] DEBUG com.zaxxer.hikari.HikariConfig - maxLifetime.....................1800000
2025-05-01 22:36:21 [restartedMain] DEBUG com.zaxxer.hikari.HikariConfig - maximumPoolSize.................10
2025-05-01 22:36:21 [restartedMain] DEBUG com.zaxxer.hikari.HikariConfig - metricRegistry..................none
2025-05-01 22:36:21 [restartedMain] DEBUG com.zaxxer.hikari.HikariConfig - metricsTrackerFactory...........none
2025-05-01 22:36:21 [restartedMain] DEBUG com.zaxxer.hikari.HikariConfig - minimumIdle.....................10
2025-05-01 22:36:21 [restartedMain] DEBUG com.zaxxer.hikari.HikariConfig - password........................<masked>
2025-05-01 22:36:21 [restartedMain] DEBUG com.zaxxer.hikari.HikariConfig - poolName........................"HikariPool-1"
2025-05-01 22:36:21 [restartedMain] DEBUG com.zaxxer.hikari.HikariConfig - readOnly........................false
2025-05-01 22:36:21 [restartedMain] DEBUG com.zaxxer.hikari.HikariConfig - registerMbeans..................false
2025-05-01 22:36:21 [restartedMain] DEBUG com.zaxxer.hikari.HikariConfig - scheduledExecutor...............none
2025-05-01 22:36:21 [restartedMain] DEBUG com.zaxxer.hikari.HikariConfig - schema..........................none
2025-05-01 22:36:21 [restartedMain] DEBUG com.zaxxer.hikari.HikariConfig - threadFactory...................internal
2025-05-01 22:36:21 [restartedMain] DEBUG com.zaxxer.hikari.HikariConfig - transactionIsolation............default
2025-05-01 22:36:21 [restartedMain] DEBUG com.zaxxer.hikari.HikariConfig - username........................"avnadmin"
2025-05-01 22:36:21 [restartedMain] DEBUG com.zaxxer.hikari.HikariConfig - validationTimeout...............5000
2025-05-01 22:36:21 [restartedMain] INFO  com.zaxxer.hikari.HikariDataSource - HikariPool-1 - Starting...
2025-05-01 22:36:23 [restartedMain] INFO  com.zaxxer.hikari.pool.HikariPool - HikariPool-1 - Added connection org.postgresql.jdbc.PgConnection@72f2b219
2025-05-01 22:36:23 [restartedMain] INFO  com.zaxxer.hikari.HikariDataSource - HikariPool-1 - Start completed.
2025-05-01 22:36:23 [restartedMain] DEBUG o.h.e.j.e.i.JdbcEnvironmentInitiator - Database ->
	   name : PostgreSQL
	version : 16.8
	  major : 16
	  minor : 8
2025-05-01 22:36:23 [restartedMain] DEBUG o.h.e.j.e.i.JdbcEnvironmentInitiator - Driver ->
	   name : PostgreSQL JDBC Driver
	version : 42.7.2
	  major : 42
	  minor : 7
2025-05-01 22:36:23 [restartedMain] DEBUG o.h.e.j.e.i.JdbcEnvironmentInitiator - JDBC version : 4.2
2025-05-01 22:36:23 [HikariPool-1 housekeeper] DEBUG com.zaxxer.hikari.pool.HikariPool - HikariPool-1 - Pool stats (total=1, active=1, idle=0, waiting=0)
2025-05-01 22:36:24 [restartedMain] DEBUG org.hibernate.orm.dialect - HHH035001: Using dialect: org.hibernate.dialect.PostgreSQLDialect, version: 16.8
2025-05-01 22:36:24 [restartedMain] DEBUG o.h.e.j.e.s.IdentifierHelperBuilder - JDBC driver metadata reported database stores quoted identifiers in neither upper, lower nor mixed case
2025-05-01 22:36:24 [HikariPool-1 connection adder] DEBUG com.zaxxer.hikari.pool.HikariPool - HikariPool-1 - Added connection org.postgresql.jdbc.PgConnection@7d6453a1
2025-05-01 22:36:24 [restartedMain] DEBUG org.hibernate.orm.jdbc.lob - HHH10010004: Disabling contextual LOB creation as Dialect reported it is not supported
2025-05-01 22:36:24 [restartedMain] DEBUG o.h.t.d.sql.spi.DdlTypeRegistry - addDescriptor(2003, org.hibernate.type.descriptor.sql.internal.ArrayDdlTypeImpl@7e62ee16) replaced previous registration(org.hibernate.type.descriptor.sql.internal.ArrayDdlTypeImpl@3bd1342a)
2025-05-01 22:36:24 [restartedMain] DEBUG o.h.t.d.sql.spi.DdlTypeRegistry - addDescriptor(6, org.hibernate.type.descriptor.sql.internal.CapacityDependentDdlType@1397d1f8) replaced previous registration(org.hibernate.type.descriptor.sql.internal.DdlTypeImpl@30a6ffda)
2025-05-01 22:36:24 [restartedMain] DEBUG o.h.t.d.jdbc.spi.JdbcTypeRegistry - addDescriptor(2004, BlobTypeDescriptor(BLOB_BINDING)) replaced previous registration(BlobTypeDescriptor(DEFAULT))
2025-05-01 22:36:24 [restartedMain] DEBUG o.h.t.d.jdbc.spi.JdbcTypeRegistry - addDescriptor(2005, ClobTypeDescriptor(CLOB_BINDING)) replaced previous registration(ClobTypeDescriptor(DEFAULT))
2025-05-01 22:36:24 [HikariPool-1 connection adder] DEBUG com.zaxxer.hikari.pool.HikariPool - HikariPool-1 - After adding stats (total=2, active=0, idle=2, waiting=0)
2025-05-01 22:36:24 [restartedMain] DEBUG o.hibernate.type.BasicTypeRegistry - Adding type registration JAVA_OBJECT -> org.hibernate.type.JavaObjectType@5c830b9e
2025-05-01 22:36:24 [restartedMain] DEBUG o.hibernate.type.BasicTypeRegistry - Adding type registration java.lang.Object -> org.hibernate.type.JavaObjectType@5c830b9e
2025-05-01 22:36:24 [restartedMain] DEBUG o.hibernate.type.BasicTypeRegistry - Type registration key [java.lang.Object] overrode previous entry : `org.hibernate.type.JavaObjectType@79f994b1`
2025-05-01 22:36:24 [restartedMain] DEBUG o.hibernate.type.BasicTypeRegistry - Adding type registration org.hibernate.envers.internal.entities.RevisionTypeType -> org.hibernate.type.CustomType@8d9bd48
2025-05-01 22:36:24 [restartedMain] DEBUG o.hibernate.type.BasicTypeRegistry - Adding type registration org.hibernate.type.DurationType -> basicType@1(java.time.Duration,3015)
2025-05-01 22:36:24 [restartedMain] DEBUG o.hibernate.type.BasicTypeRegistry - Adding type registration Duration -> basicType@1(java.time.Duration,3015)
2025-05-01 22:36:24 [restartedMain] DEBUG o.hibernate.type.BasicTypeRegistry - Adding type registration java.time.Duration -> basicType@1(java.time.Duration,3015)
2025-05-01 22:36:24 [restartedMain] DEBUG o.hibernate.type.BasicTypeRegistry - Adding type registration org.hibernate.envers.internal.entities.RevisionTypeType -> org.hibernate.type.CustomType@2b109e46
2025-05-01 22:36:24 [restartedMain] DEBUG o.hibernate.type.BasicTypeRegistry - Type registration key [org.hibernate.envers.internal.entities.RevisionTypeType] overrode previous entry : `org.hibernate.type.CustomType@8d9bd48`
2025-05-01 22:36:24 [restartedMain] DEBUG o.hibernate.type.BasicTypeRegistry - Adding type registration org.hibernate.type.OffsetDateTimeType -> basicType@2(java.time.OffsetDateTime,3003)
2025-05-01 22:36:24 [restartedMain] DEBUG o.hibernate.type.BasicTypeRegistry - Adding type registration OffsetDateTime -> basicType@2(java.time.OffsetDateTime,3003)
2025-05-01 22:36:24 [restartedMain] DEBUG o.hibernate.type.BasicTypeRegistry - Adding type registration java.time.OffsetDateTime -> basicType@2(java.time.OffsetDateTime,3003)
2025-05-01 22:36:24 [restartedMain] DEBUG o.hibernate.type.BasicTypeRegistry - Adding type registration org.hibernate.type.ZonedDateTimeType -> basicType@3(java.time.ZonedDateTime,3003)
2025-05-01 22:36:24 [restartedMain] DEBUG o.hibernate.type.BasicTypeRegistry - Adding type registration ZonedDateTime -> basicType@3(java.time.ZonedDateTime,3003)
2025-05-01 22:36:24 [restartedMain] DEBUG o.hibernate.type.BasicTypeRegistry - Adding type registration java.time.ZonedDateTime -> basicType@3(java.time.ZonedDateTime,3003)
2025-05-01 22:36:24 [restartedMain] DEBUG o.hibernate.type.BasicTypeRegistry - Adding type registration org.hibernate.type.OffsetTimeType -> basicType@4(java.time.OffsetTime,3007)
2025-05-01 22:36:24 [restartedMain] DEBUG o.hibernate.type.BasicTypeRegistry - Adding type registration OffsetTime -> basicType@4(java.time.OffsetTime,3007)
2025-05-01 22:36:24 [restartedMain] DEBUG o.hibernate.type.BasicTypeRegistry - Adding type registration java.time.OffsetTime -> basicType@4(java.time.OffsetTime,3007)
2025-05-01 22:36:24 [restartedMain] DEBUG o.h.type.spi.TypeConfiguration$Scope - Scoping TypeConfiguration [org.hibernate.type.spi.TypeConfiguration@67f2055c] to MetadataBuildingContext [org.hibernate.boot.internal.MetadataBuildingContextRootImpl@570abfd9]
2025-05-01 22:36:24 [restartedMain] DEBUG o.h.boot.model.relational.Namespace - Created database namespace [logicalName=Name{catalog=null, schema=null}, physicalName=Name{catalog=null, schema=null}]
2025-05-01 22:36:24 [restartedMain] DEBUG o.h.b.m.s.i.a.AnnotationMetadataSourceProcessorImpl - Skipping explicit MappedSuperclass com.avinash.prod_ready_features.prod_ready_features.entities.AuditableEntity, the class will be discovered analyzing the implementing class
2025-05-01 22:36:24 [restartedMain] DEBUG o.h.boot.model.internal.EntityBinder - Binding entity from annotated class: com.avinash.prod_ready_features.prod_ready_features.entities.PostEntity
2025-05-01 22:36:24 [restartedMain] DEBUG o.h.boot.model.internal.EntityBinder - Import with entity name PostEntity
2025-05-01 22:36:24 [restartedMain] DEBUG o.h.boot.model.internal.EntityBinder - Bind entity com.avinash.prod_ready_features.prod_ready_features.entities.PostEntity on table posts
2025-05-01 22:36:24 [restartedMain] DEBUG o.h.b.model.internal.AnnotatedColumn - Binding column: AnnotatedDiscriminatorColumn(column='DTYPE')
2025-05-01 22:36:24 [restartedMain] DEBUG o.h.b.model.internal.AnnotatedColumn - Binding column: AnnotatedColumn()
2025-05-01 22:36:24 [restartedMain] DEBUG o.h.b.internal.ClassLoaderAccessImpl - Not known whether passed class name [com.avinash.prod_ready_features.prod_ready_features.entities.PostEntity] is safe
2025-05-01 22:36:24 [restartedMain] DEBUG o.h.b.internal.ClassLoaderAccessImpl - No temp ClassLoader provided; using live ClassLoader for loading potentially unsafe class : com.avinash.prod_ready_features.prod_ready_features.entities.PostEntity
2025-05-01 22:36:24 [restartedMain] DEBUG o.h.b.model.internal.PropertyBinder - MetadataSourceProcessor property id with lazy=false
2025-05-01 22:36:24 [restartedMain] DEBUG o.h.b.m.i.AbstractPropertyHolder - Attempting to locate auto-apply AttributeConverter for property [com.avinash.prod_ready_features.prod_ready_features.entities.PostEntity:id]
2025-05-01 22:36:24 [restartedMain] DEBUG o.h.b.m.internal.BasicValueBinder - building BasicValue for id
2025-05-01 22:36:24 [restartedMain] DEBUG org.hibernate.mapping.BasicValue - Skipping column re-registration: posts.id
2025-05-01 22:36:24 [restartedMain] DEBUG o.h.b.model.internal.PropertyBinder - Building property id
2025-05-01 22:36:24 [restartedMain] DEBUG o.h.boot.model.internal.BinderHelper - #makeIdGenerator(BasicValue([Column(id)]), id, identity, , ...)
2025-05-01 22:36:24 [restartedMain] DEBUG o.h.b.model.internal.AnnotatedColumn - Binding column: AnnotatedColumn()
2025-05-01 22:36:24 [restartedMain] DEBUG o.h.b.model.internal.PropertyBinder - MetadataSourceProcessor property createdAt with lazy=false
2025-05-01 22:36:24 [restartedMain] DEBUG o.h.b.m.i.AbstractPropertyHolder - Attempting to locate auto-apply AttributeConverter for property [com.avinash.prod_ready_features.prod_ready_features.entities.PostEntity:createdAt]
2025-05-01 22:36:24 [restartedMain] DEBUG o.h.b.m.internal.BasicValueBinder - building BasicValue for createdAt
2025-05-01 22:36:24 [restartedMain] DEBUG org.hibernate.mapping.BasicValue - Skipping column re-registration: posts.created_at
2025-05-01 22:36:24 [restartedMain] DEBUG o.h.b.model.internal.PropertyBinder - Building property createdAt
2025-05-01 22:36:24 [restartedMain] DEBUG o.h.b.model.internal.AnnotatedColumn - Binding column: AnnotatedColumn()
2025-05-01 22:36:24 [restartedMain] DEBUG o.h.b.model.internal.PropertyBinder - MetadataSourceProcessor property createdBy with lazy=false
2025-05-01 22:36:24 [restartedMain] DEBUG o.h.b.m.i.AbstractPropertyHolder - Attempting to locate auto-apply AttributeConverter for property [com.avinash.prod_ready_features.prod_ready_features.entities.PostEntity:createdBy]
2025-05-01 22:36:24 [restartedMain] DEBUG o.h.b.m.internal.BasicValueBinder - building BasicValue for createdBy
2025-05-01 22:36:24 [restartedMain] DEBUG org.hibernate.mapping.BasicValue - Skipping column re-registration: posts.created_by
2025-05-01 22:36:24 [restartedMain] DEBUG o.h.b.model.internal.PropertyBinder - Building property createdBy
2025-05-01 22:36:24 [restartedMain] DEBUG o.h.b.model.internal.AnnotatedColumn - Binding column: AnnotatedColumn()
2025-05-01 22:36:24 [restartedMain] DEBUG o.h.b.model.internal.PropertyBinder - MetadataSourceProcessor property modifiedBy with lazy=false
2025-05-01 22:36:24 [restartedMain] DEBUG o.h.b.m.i.AbstractPropertyHolder - Attempting to locate auto-apply AttributeConverter for property [com.avinash.prod_ready_features.prod_ready_features.entities.PostEntity:modifiedBy]
2025-05-01 22:36:24 [restartedMain] DEBUG o.h.b.m.internal.BasicValueBinder - building BasicValue for modifiedBy
2025-05-01 22:36:24 [restartedMain] DEBUG org.hibernate.mapping.BasicValue - Skipping column re-registration: posts.modified_by
2025-05-01 22:36:24 [restartedMain] DEBUG o.h.b.model.internal.PropertyBinder - Building property modifiedBy
2025-05-01 22:36:24 [restartedMain] DEBUG o.h.b.model.internal.AnnotatedColumn - Binding column: AnnotatedColumn()
2025-05-01 22:36:24 [restartedMain] DEBUG o.h.b.model.internal.PropertyBinder - MetadataSourceProcessor property updatedAt with lazy=false
2025-05-01 22:36:24 [restartedMain] DEBUG o.h.b.m.i.AbstractPropertyHolder - Attempting to locate auto-apply AttributeConverter for property [com.avinash.prod_ready_features.prod_ready_features.entities.PostEntity:updatedAt]
2025-05-01 22:36:24 [restartedMain] DEBUG o.h.b.m.internal.BasicValueBinder - building BasicValue for updatedAt
2025-05-01 22:36:24 [restartedMain] DEBUG org.hibernate.mapping.BasicValue - Skipping column re-registration: posts.updated_at
2025-05-01 22:36:24 [restartedMain] DEBUG o.h.b.model.internal.PropertyBinder - Building property updatedAt
2025-05-01 22:36:24 [restartedMain] DEBUG o.h.b.model.internal.AnnotatedColumn - Binding column: AnnotatedColumn()
2025-05-01 22:36:24 [restartedMain] DEBUG o.h.b.model.internal.PropertyBinder - MetadataSourceProcessor property description with lazy=false
2025-05-01 22:36:24 [restartedMain] DEBUG o.h.b.m.i.AbstractPropertyHolder - Attempting to locate auto-apply AttributeConverter for property [com.avinash.prod_ready_features.prod_ready_features.entities.PostEntity:description]
2025-05-01 22:36:24 [restartedMain] DEBUG o.h.b.m.internal.BasicValueBinder - building BasicValue for description
2025-05-01 22:36:24 [restartedMain] DEBUG org.hibernate.mapping.BasicValue - Skipping column re-registration: posts.description
2025-05-01 22:36:24 [restartedMain] DEBUG o.h.b.model.internal.PropertyBinder - Building property description
2025-05-01 22:36:24 [restartedMain] DEBUG o.h.b.model.internal.AnnotatedColumn - Binding column: AnnotatedColumn()
2025-05-01 22:36:24 [restartedMain] DEBUG o.h.b.model.internal.PropertyBinder - MetadataSourceProcessor property title with lazy=false
2025-05-01 22:36:24 [restartedMain] DEBUG o.h.b.m.i.AbstractPropertyHolder - Attempting to locate auto-apply AttributeConverter for property [com.avinash.prod_ready_features.prod_ready_features.entities.PostEntity:title]
2025-05-01 22:36:24 [restartedMain] DEBUG o.h.b.m.internal.BasicValueBinder - building BasicValue for title
2025-05-01 22:36:24 [restartedMain] DEBUG org.hibernate.mapping.BasicValue - Skipping column re-registration: posts.title
2025-05-01 22:36:24 [restartedMain] DEBUG o.h.b.model.internal.PropertyBinder - Building property title
2025-05-01 22:36:24 [restartedMain] DEBUG o.h.b.r.c.i.ClassLoaderServiceImpl - HHH000194: Package not found or no package-info.java: com.avinash.prod_ready_features.prod_ready_features.entities
2025-05-01 22:36:24 [restartedMain] DEBUG o.h.j.e.i.CallbackDefinitionResolverLegacyImpl - Adding touchForUpdate as PreUpdate callback for entity com.avinash.prod_ready_features.prod_ready_features.entities.PostEntity
2025-05-01 22:36:24 [restartedMain] DEBUG o.h.j.e.i.CallbackDefinitionResolverLegacyImpl - Adding touchForCreate as PrePersist callback for entity com.avinash.prod_ready_features.prod_ready_features.entities.PostEntity
2025-05-01 22:36:24 [restartedMain] DEBUG o.h.b.m.internal.BasicValueBinder - Starting `BasicValueBinder#fillSimpleValue` for id
2025-05-01 22:36:24 [restartedMain] DEBUG o.h.b.m.internal.BasicValueBinder - Starting `BasicValueBinder#fillSimpleValue` for createdAt
2025-05-01 22:36:24 [restartedMain] DEBUG o.h.b.m.internal.BasicValueBinder - Starting `BasicValueBinder#fillSimpleValue` for createdBy
2025-05-01 22:36:24 [restartedMain] DEBUG o.h.b.m.internal.BasicValueBinder - Starting `BasicValueBinder#fillSimpleValue` for modifiedBy
2025-05-01 22:36:24 [restartedMain] DEBUG o.h.b.m.internal.BasicValueBinder - Starting `BasicValueBinder#fillSimpleValue` for updatedAt
2025-05-01 22:36:24 [restartedMain] DEBUG o.h.b.m.internal.BasicValueBinder - Starting `BasicValueBinder#fillSimpleValue` for description
2025-05-01 22:36:24 [restartedMain] DEBUG o.h.b.m.internal.BasicValueBinder - Starting `BasicValueBinder#fillSimpleValue` for title
2025-05-01 22:36:24 [restartedMain] DEBUG org.hibernate.mapping.PrimaryKey - Forcing column [id] to be non-null as it is part of the primary key for table [posts]
2025-05-01 22:36:24 [restartedMain] DEBUG o.h.e.c.i.m.AuditMetadataGenerator - Generating first-pass auditing mapping for entity com.avinash.prod_ready_features.prod_ready_features.entities.PostEntity
2025-05-01 22:36:24 [restartedMain] INFO  o.h.e.c.i.m.AuditMetadataGenerator - Adding properties for entity: com.avinash.prod_ready_features.prod_ready_features.entities.PostEntity
2025-05-01 22:36:24 [restartedMain] DEBUG o.h.e.c.i.m.AuditMetadataGenerator - Generating second-pass auditing mapping for entity com.avinash.prod_ready_features.prod_ready_features.entities.PostEntity
2025-05-01 22:36:24 [restartedMain] DEBUG o.h.b.m.s.internal.hbm.ModelBinder - Mapping class: com.avinash.prod_ready_features.prod_ready_features.entities.PostEntity_AUD -> posts_aud
2025-05-01 22:36:24 [restartedMain] DEBUG o.h.b.m.s.internal.hbm.ModelBinder - Binding component [com.avinash.prod_ready_features.prod_ready_features.entities.PostEntity_AUD.originalId]
2025-05-01 22:36:24 [restartedMain] DEBUG org.hibernate.mapping.BasicValue - Skipping column re-registration: posts_aud.id
2025-05-01 22:36:24 [restartedMain] DEBUG org.hibernate.mapping.BasicValue - Skipping column re-registration: posts_aud.id
2025-05-01 22:36:24 [restartedMain] DEBUG o.h.b.m.s.internal.hbm.ModelBinder - Mapped property: id -> [id]
2025-05-01 22:36:24 [restartedMain] DEBUG o.h.b.m.s.internal.hbm.ModelBinder - Mapped property: REV -> [rev]
2025-05-01 22:36:24 [restartedMain] DEBUG o.h.b.m.s.internal.hbm.ModelBinder - Mapped property: originalId -> [id, rev]
2025-05-01 22:36:24 [restartedMain] DEBUG org.hibernate.mapping.PrimaryKey - Forcing column [rev] to be non-null as it is part of the primary key for table [posts_aud]
2025-05-01 22:36:24 [restartedMain] DEBUG org.hibernate.mapping.PrimaryKey - Forcing column [id] to be non-null as it is part of the primary key for table [posts_aud]
2025-05-01 22:36:24 [restartedMain] DEBUG org.hibernate.mapping.BasicValue - Skipping column re-registration: posts_aud.revtype
2025-05-01 22:36:24 [restartedMain] DEBUG org.hibernate.mapping.BasicValue - Skipping column re-registration: posts_aud.revtype
2025-05-01 22:36:24 [restartedMain] DEBUG o.h.b.m.s.internal.hbm.ModelBinder - Mapped property: REVTYPE -> [revtype]
2025-05-01 22:36:24 [restartedMain] DEBUG org.hibernate.mapping.BasicValue - Skipping column re-registration: posts_aud.created_at
2025-05-01 22:36:24 [restartedMain] DEBUG org.hibernate.mapping.BasicValue - Skipping column re-registration: posts_aud.created_at
2025-05-01 22:36:24 [restartedMain] DEBUG o.h.b.m.s.internal.hbm.ModelBinder - Mapped property: createdAt -> [created_at]
2025-05-01 22:36:24 [restartedMain] DEBUG org.hibernate.mapping.BasicValue - Skipping column re-registration: posts_aud.created_by
2025-05-01 22:36:24 [restartedMain] DEBUG org.hibernate.mapping.BasicValue - Skipping column re-registration: posts_aud.created_by
2025-05-01 22:36:24 [restartedMain] DEBUG o.h.b.m.s.internal.hbm.ModelBinder - Mapped property: createdBy -> [created_by]
2025-05-01 22:36:24 [restartedMain] DEBUG org.hibernate.mapping.BasicValue - Skipping column re-registration: posts_aud.modified_by
2025-05-01 22:36:24 [restartedMain] DEBUG org.hibernate.mapping.BasicValue - Skipping column re-registration: posts_aud.modified_by
2025-05-01 22:36:24 [restartedMain] DEBUG o.h.b.m.s.internal.hbm.ModelBinder - Mapped property: modifiedBy -> [modified_by]
2025-05-01 22:36:24 [restartedMain] DEBUG org.hibernate.mapping.BasicValue - Skipping column re-registration: posts_aud.updated_at
2025-05-01 22:36:24 [restartedMain] DEBUG org.hibernate.mapping.BasicValue - Skipping column re-registration: posts_aud.updated_at
2025-05-01 22:36:24 [restartedMain] DEBUG o.h.b.m.s.internal.hbm.ModelBinder - Mapped property: updatedAt -> [updated_at]
2025-05-01 22:36:24 [restartedMain] DEBUG org.hibernate.mapping.BasicValue - Skipping column re-registration: posts_aud.title
2025-05-01 22:36:24 [restartedMain] DEBUG org.hibernate.mapping.BasicValue - Skipping column re-registration: posts_aud.title
2025-05-01 22:36:24 [restartedMain] DEBUG o.h.b.m.s.internal.hbm.ModelBinder - Mapped property: title -> [title]
2025-05-01 22:36:24 [restartedMain] DEBUG o.h.b.m.s.internal.hbm.ModelBinder - Mapping class: org.hibernate.envers.DefaultRevisionEntity -> revinfo
2025-05-01 22:36:24 [restartedMain] DEBUG org.hibernate.mapping.BasicValue - Skipping column re-registration: revinfo.rev
2025-05-01 22:36:24 [restartedMain] DEBUG org.hibernate.mapping.BasicValue - Skipping column re-registration: revinfo.rev
2025-05-01 22:36:24 [restartedMain] DEBUG o.h.b.m.s.internal.hbm.ModelBinder - Mapped property: id -> [rev]
2025-05-01 22:36:24 [restartedMain] DEBUG org.hibernate.mapping.PrimaryKey - Forcing column [rev] to be non-null as it is part of the primary key for table [revinfo]
2025-05-01 22:36:24 [restartedMain] DEBUG org.hibernate.mapping.BasicValue - Skipping column re-registration: revinfo.revtstmp
2025-05-01 22:36:24 [restartedMain] DEBUG org.hibernate.mapping.BasicValue - Skipping column re-registration: revinfo.revtstmp
2025-05-01 22:36:24 [restartedMain] DEBUG o.h.b.m.s.internal.hbm.ModelBinder - Mapped property: timestamp -> [revtstmp]
2025-05-01 22:36:25 [HikariPool-1 connection adder] DEBUG com.zaxxer.hikari.pool.HikariPool - HikariPool-1 - Added connection org.postgresql.jdbc.PgConnection@9947bdb
2025-05-01 22:36:25 [HikariPool-1 connection adder] DEBUG com.zaxxer.hikari.pool.HikariPool - HikariPool-1 - After adding stats (total=3, active=0, idle=3, waiting=0)
2025-05-01 22:36:25 [restartedMain] DEBUG o.h.internal.SessionFactoryImpl - Building session factory
2025-05-01 22:36:25 [restartedMain] DEBUG o.h.s.i.SessionFactoryServiceRegistryImpl - EventListenerRegistry access via ServiceRegistry is deprecated.  Use `sessionFactory.getEventEngine().getListenerRegistry()` instead
2025-05-01 22:36:25 [restartedMain] DEBUG o.h.internal.SessionFactoryImpl - Instantiating SessionFactory with settings: {hibernate.format_sql=true, java.specification.version=22, sun.cpu.isalist=amd64, hibernate.resource.beans.container=org.springframework.orm.hibernate5.SpringBeanContainer@3d7a543e, hibernate.connection.handling_mode=DELAYED_ACQUISITION_AND_HOLD, sun.jnu.encoding=Cp1252, hibernate.implicit_naming_strategy=org.springframework.boot.orm.jpa.hibernate.SpringImplicitNamingStrategy, java.class.path=D:\function\springboot2\prod-ready-features_week4\target\classes;C:\Users\HP\.m2\repository\org\springframework\boot\spring-boot-starter-data-jpa\3.3.5\spring-boot-starter-data-jpa-3.3.5.jar;C:\Users\HP\.m2\repository\org\springframework\boot\spring-boot-starter-aop\3.3.5\spring-boot-starter-aop-3.3.5.jar;C:\Users\HP\.m2\repository\org\springframework\spring-aop\6.1.14\spring-aop-6.1.14.jar;C:\Users\HP\.m2\repository\org\aspectj\aspectjweaver\1.9.22.1\aspectjweaver-1.9.22.1.jar;C:\Users\HP\.m2\repository\org\springframework\boot\spring-boot-starter-jdbc\3.3.5\spring-boot-starter-jdbc-3.3.5.jar;C:\Users\HP\.m2\repository\com\zaxxer\HikariCP\5.1.0\HikariCP-5.1.0.jar;C:\Users\HP\.m2\repository\org\springframework\spring-jdbc\6.1.14\spring-jdbc-6.1.14.jar;C:\Users\HP\.m2\repository\org\hibernate\orm\hibernate-core\6.5.3.Final\hibernate-core-6.5.3.Final.jar;C:\Users\HP\.m2\repository\jakarta\persistence\jakarta.persistence-api\3.1.0\jakarta.persistence-api-3.1.0.jar;C:\Users\HP\.m2\repository\jakarta\transaction\jakarta.transaction-api\2.0.1\jakarta.transaction-api-2.0.1.jar;C:\Users\HP\.m2\repository\com\fasterxml\classmate\1.7.0\classmate-1.7.0.jar;C:\Users\HP\.m2\repository\net\bytebuddy\byte-buddy\1.14.19\byte-buddy-1.14.19.jar;C:\Users\HP\.m2\repository\jakarta\inject\jakarta.inject-api\2.0.1\jakarta.inject-api-2.0.1.jar;C:\Users\HP\.m2\repository\org\antlr\antlr4-runtime\4.13.0\antlr4-runtime-4.13.0.jar;C:\Users\HP\.m2\repository\org\springframework\data\spring-data-jpa\3.3.5\spring-data-jpa-3.3.5.jar;C:\Users\HP\.m2\repository\org\springframework\data\spring-data-commons\3.3.5\spring-data-commons-3.3.5.jar;C:\Users\HP\.m2\repository\org\springframework\spring-orm\6.1.14\spring-orm-6.1.14.jar;C:\Users\HP\.m2\repository\org\springframework\spring-context\6.1.14\spring-context-6.1.14.jar;C:\Users\HP\.m2\repository\org\springframework\spring-tx\6.1.14\spring-tx-6.1.14.jar;C:\Users\HP\.m2\repository\org\springframework\spring-beans\6.1.14\spring-beans-6.1.14.jar;C:\Users\HP\.m2\repository\jakarta\annotation\jakarta.annotation-api\2.1.1\jakarta.annotation-api-2.1.1.jar;C:\Users\HP\.m2\repository\org\slf4j\slf4j-api\2.0.16\slf4j-api-2.0.16.jar;C:\Users\HP\.m2\repository\org\springframework\spring-aspects\6.1.14\spring-aspects-6.1.14.jar;C:\Users\HP\.m2\repository\org\springframework\boot\spring-boot-starter-web\3.3.5\spring-boot-starter-web-3.3.5.jar;C:\Users\HP\.m2\repository\org\springframework\boot\spring-boot-starter\3.3.5\spring-boot-starter-3.3.5.jar;C:\Users\HP\.m2\repository\org\springframework\boot\spring-boot-starter-logging\3.3.5\spring-boot-starter-logging-3.3.5.jar;C:\Users\HP\.m2\repository\ch\qos\logback\logback-classic\1.5.11\logback-classic-1.5.11.jar;C:\Users\HP\.m2\repository\ch\qos\logback\logback-core\1.5.11\logback-core-1.5.11.jar;C:\Users\HP\.m2\repository\org\apache\logging\log4j\log4j-to-slf4j\2.23.1\log4j-to-slf4j-2.23.1.jar;C:\Users\HP\.m2\repository\org\apache\logging\log4j\log4j-api\2.23.1\log4j-api-2.23.1.jar;C:\Users\HP\.m2\repository\org\slf4j\jul-to-slf4j\2.0.16\jul-to-slf4j-2.0.16.jar;C:\Users\HP\.m2\repository\org\yaml\snakeyaml\2.2\snakeyaml-2.2.jar;C:\Users\HP\.m2\repository\org\springframework\boot\spring-boot-starter-json\3.3.5\spring-boot-starter-json-3.3.5.jar;C:\Users\HP\.m2\repository\com\fasterxml\jackson\core\jackson-databind\2.17.2\jackson-databind-2.17.2.jar;C:\Users\HP\.m2\repository\com\fasterxml\jackson\core\jackson-annotations\2.17.2\jackson-annotations-2.17.2.jar;C:\Users\HP\.m2\repository\com\fasterxml\jackson\core\jackson-core\2.17.2\jackson-core-2.17.2.jar;C:\Users\HP\.m2\repository\com\fasterxml\jackson\datatype\jackson-datatype-jdk8\2.17.2\jackson-datatype-jdk8-2.17.2.jar;C:\Users\HP\.m2\repository\com\fasterxml\jackson\datatype\jackson-datatype-jsr310\2.17.2\jackson-datatype-jsr310-2.17.2.jar;C:\Users\HP\.m2\repository\com\fasterxml\jackson\module\jackson-module-parameter-names\2.17.2\jackson-module-parameter-names-2.17.2.jar;C:\Users\HP\.m2\repository\org\springframework\boot\spring-boot-starter-tomcat\3.3.5\spring-boot-starter-tomcat-3.3.5.jar;C:\Users\HP\.m2\repository\org\apache\tomcat\embed\tomcat-embed-core\10.1.31\tomcat-embed-core-10.1.31.jar;C:\Users\HP\.m2\repository\org\apache\tomcat\embed\tomcat-embed-el\10.1.31\tomcat-embed-el-10.1.31.jar;C:\Users\HP\.m2\repository\org\apache\tomcat\embed\tomcat-embed-websocket\10.1.31\tomcat-embed-websocket-10.1.31.jar;C:\Users\HP\.m2\repository\org\springframework\spring-web\6.1.14\spring-web-6.1.14.jar;C:\Users\HP\.m2\repository\io\micrometer\micrometer-observation\1.13.6\micrometer-observation-1.13.6.jar;C:\Users\HP\.m2\repository\io\micrometer\micrometer-commons\1.13.6\micrometer-commons-1.13.6.jar;C:\Users\HP\.m2\repository\org\springframework\spring-webmvc\6.1.14\spring-webmvc-6.1.14.jar;C:\Users\HP\.m2\repository\org\springframework\spring-expression\6.1.14\spring-expression-6.1.14.jar;C:\Users\HP\.m2\repository\com\mysql\mysql-connector-j\8.3.0\mysql-connector-j-8.3.0.jar;C:\Users\HP\.m2\repository\org\postgresql\postgresql\42.7.2\postgresql-42.7.2.jar;C:\Users\HP\.m2\repository\org\checkerframework\checker-qual\3.42.0\checker-qual-3.42.0.jar;C:\Users\HP\.m2\repository\org\springframework\spring-core\6.1.14\spring-core-6.1.14.jar;C:\Users\HP\.m2\repository\org\springframework\spring-jcl\6.1.14\spring-jcl-6.1.14.jar;C:\Users\HP\.m2\repository\jakarta\xml\bind\jakarta.xml.bind-api\4.0.2\jakarta.xml.bind-api-4.0.2.jar;C:\Users\HP\.m2\repository\jakarta\activation\jakarta.activation-api\2.1.3\jakarta.activation-api-2.1.3.jar;C:\Users\HP\.m2\repository\org\springframework\boot\spring-boot-devtools\3.3.5\spring-boot-devtools-3.3.5.jar;C:\Users\HP\.m2\repository\org\springframework\boot\spring-boot\3.3.5\spring-boot-3.3.5.jar;C:\Users\HP\.m2\repository\org\springframework\boot\spring-boot-autoconfigure\3.3.5\spring-boot-autoconfigure-3.3.5.jar;C:\Users\HP\.m2\repository\org\modelmapper\modelmapper\3.0.0\modelmapper-3.0.0.jar;C:\Users\HP\.m2\repository\org\hibernate\orm\hibernate-envers\6.5.3.Final\hibernate-envers-6.5.3.Final.jar;C:\Users\HP\.m2\repository\org\jboss\logging\jboss-logging\3.5.3.Final\jboss-logging-3.5.3.Final.jar;C:\Users\HP\.m2\repository\org\glassfish\jaxb\jaxb-runtime\4.0.5\jaxb-runtime-4.0.5.jar;C:\Users\HP\.m2\repository\org\glassfish\jaxb\jaxb-core\4.0.5\jaxb-core-4.0.5.jar;C:\Users\HP\.m2\repository\org\eclipse\angus\angus-activation\2.0.2\angus-activation-2.0.2.jar;C:\Users\HP\.m2\repository\org\glassfish\jaxb\txw2\4.0.5\txw2-4.0.5.jar;C:\Users\HP\.m2\repository\com\sun\istack\istack-commons-runtime\4.1.2\istack-commons-runtime-4.1.2.jar;C:\Users\HP\.m2\repository\org\hibernate\common\hibernate-commons-annotations\6.0.6.Final\hibernate-commons-annotations-6.0.6.Final.jar;C:\Users\HP\.m2\repository\io\smallrye\jandex\3.1.2\jandex-3.1.2.jar;C:\Program Files\JetBrains\IntelliJ IDEA Community Edition 2024.3.3\lib\idea_rt.jar, kotlinx.coroutines.debug.enable.mutable.state.flows.stack.trace=true, java.vm.vendor=Oracle Corporation, sun.arch.data.model=64, user.variant=, java.vendor.url=https://java.oracle.com/, catalina.useNaming=false, user.timezone=Asia/Calcutta, jakarta.persistence.sharedCache.mode=UNSPECIFIED, org.jboss.logging.provider=slf4j, java.vm.specification.version=22, os.name=Windows 11, jakarta.persistence.nonJtaDataSource=HikariDataSource (HikariPool-1), sun.java.launcher=SUN_STANDARD, user.country=IN, sun.boot.library.path=C:\Users\HP\.jdks\openjdk-22.0.2\bin, sun.java.command=com.avinash.prod_ready_features.prod_ready_features.ProdReadyFeaturesApplication, javax.persistence.nonJtaDataSource=HikariDataSource (HikariPool-1), hibernate.transaction.jta.platform=org.hibernate.engine.transaction.jta.platform.internal.NoJtaPlatform@48212f52, jdk.debug=release, sun.cpu.endian=little, hibernate.cdi.extensions=true, user.home=C:\Users\HP, user.language=en, sun.stderr.encoding=UTF-8, java.specification.vendor=Oracle Corporation, java.version.date=2024-07-16, java.home=C:\Users\HP\.jdks\openjdk-22.0.2, file.separator=\, java.vm.compressedOopsMode=Zero based, sun.stdout.encoding=UTF-8, line.separator=
, hibernate.persistenceUnitName=default, java.vm.specification.vendor=Oracle Corporation, java.specification.name=Java Platform API Specification, intellij.debug.agent=true, FILE_LOG_CHARSET=UTF-8, hibernate.transaction.coordinator_class=class org.hibernate.resource.transaction.backend.jdbc.internal.JdbcResourceLocalTransactionCoordinatorBuilderImpl, java.awt.headless=true, jakarta.persistence.validation.mode=AUTO, hibernate.hbm2ddl.auto=update, user.script=, sun.management.compiler=HotSpot 64-Bit Tiered Compilers, java.runtime.version=22.0.2+9-70, user.name=HP, stdout.encoding=UTF-8, path.separator=;, kotlinx.coroutines.debug.enable.creation.stack.trace=false, os.version=10.0, java.runtime.name=OpenJDK Runtime Environment, file.encoding=UTF-8, java.vm.name=OpenJDK 64-Bit Server VM, hibernate.show_sql=true, java.vendor.url.bug=https://bugreport.java.com/bugreport/, java.io.tmpdir=C:\Users\HP\AppData\Local\Temp\, catalina.home=C:\Users\HP\AppData\Local\Temp\tomcat.9000.10028853784841308340, java.version=22.0.2, jboss.modules.system.pkgs=com.intellij.rt, hibernate.physical_naming_strategy=org.hibernate.boot.model.naming.CamelCaseToUnderscoresNamingStrategy, user.dir=D:\function\springboot2\prod-ready-features_week4, os.arch=amd64, java.vm.specification.name=Java Virtual Machine Specification, PID=9996, sun.os.patch.level=, CONSOLE_LOG_CHARSET=UTF-8, catalina.base=C:\Users\HP\AppData\Local\Temp\tomcat.9000.10028853784841308340, hibernate.boot.CfgXmlAccessService.key=org.hibernate.boot.registry.StandardServiceRegistryBuilder$1@14ba9264, native.encoding=Cp1252, kotlinx.coroutines.debug.enable.flows.stack.trace=true, java.library.path=C:\Users\HP\.jdks\openjdk-22.0.2\bin;C:\WINDOWS\Sun\Java\bin;C:\WINDOWS\system32;C:\WINDOWS;C:\Program Files\Common Files\Oracle\Java\javapath;C:\Program Files (x86)\Common Files\Oracle\Java\javapath;C:\Program Files (x86)\VMware\VMware Player\bin\;C:\ProgramData\Oracle\Java\javapath;C:\windows\system32;C:\windows;C:\windows\System32\Wbem;C:\windows\System32\WindowsPowerShell\v1.0\;C:\windows\System32\OpenSSH\;C:\Program Files (x86)\NVIDIA Corporation\PhysX\Common;C:\Program Files\NVIDIA Corporation\NVIDIA NvDLISR;C:\MinGW\bin;C:\WINDOWS\system32;C:\WINDOWS;C:\WINDOWS\System32\Wbem;C:\WINDOWS\System32\WindowsPowerShell\v1.0\;C:\WINDOWS\System32\OpenSSH\;C:\Program Files\Git\cmd;C:\ProgramData\chocolatey\bin;C:\Program Files (x86)\GTK2-Runtime\lib;C:\Program Files\WindowsPowerShell\Scripts\HP.ClientScriptLibrary;C:\Program Files (x86)\Microsoft SQL Server\160\Tools\Binn\;C:\Program Files\Microsoft SQL Server\160\Tools\Binn\;C:\Program Files\Microsoft SQL Server\Client SDK\ODBC\170\Tools\Binn\;C:\Program Files\Microsoft SQL Server\160\DTS\Binn\;C:\Program Files (x86)\Microsoft SQL Server\160\DTS\Binn\;C:\Program Files\Azure Data Studio\bin;C:\Program Files\nodejs\;C:\Program Files\MongoDB\mongosh-2.2.3-win32-x64\bin;C:\MinGW\bin;;C:\Program Files\Docker\Docker\resources\bin;C:\Program Files\Go\bin;C:\Program Files\MySQL\MySQL Server 8.1\bin;C:\Users\HP\AppData\Local\Programs\Eclipse Adoptium\jdk-17.0.8.101-hotspot\bin;C:\Users\HP\AppData\Local\Programs\Python\Python311\Scripts\;C:\Users\HP\AppData\Local\Programs\Python\Python311\;C:\Users\HP\AppData\Local\Microsoft\WindowsApps;C:\Users\HP\AppData\Local\Programs\Microsoft VS Code\bin;C:\ProgramData\HP\GitHubDesktop\bin;C:\Users\HP\AppData\Local\GitHubDesktop\bin;C:\Users\HP\AppData\Local\Programs\Python\Python311\Scripts;C:\Program Files\Azure Data Studio\bin;C:\Users\HP\AppData\Roaming\npm;C:\Users\HP\go\bin;C:\Program Files\JetBrains\IntelliJ IDEA Community Edition 2024.2\bin;;C:\Program Files\apache-maven-3.9.9-bin\apache-maven-3.9.9\bin;C:\Program Files\PostgreSQL\14\bin;;., stderr.encoding=UTF-8, java.vendor=Oracle Corporation, java.vm.info=mixed mode, sharing, java.vm.version=22.0.2+9-70, sun.io.unicode.encoding=UnicodeLittle, hibernate.archive.scanner=org.hibernate.boot.archive.scan.internal.DisabledScanner, hibernate.connection.datasource=HikariDataSource (HikariPool-1), debugger.agent.enable.coroutines=true, java.class.version=66.0, LOGGED_APPLICATION_NAME=[springSecurityApp] }
2025-05-01 22:36:25 [restartedMain] DEBUG o.h.internal.SessionFactoryImpl - Session factory constructed with filter configurations : {}
2025-05-01 22:36:25 [restartedMain] DEBUG o.h.s.i.SessionFactoryServiceRegistryImpl - EventListenerRegistry access via ServiceRegistry is deprecated.  Use `sessionFactory.getEventEngine().getListenerRegistry()` instead
2025-05-01 22:36:25 [restartedMain] DEBUG o.h.e.s.i.EventListenerGroupImpl - Checking incoming listener [`org.hibernate.envers.event.spi.EnversPostDeleteEventListenerImpl@70bc5d5d`] for match against existing listener [`org.hibernate.event.internal.PostDeleteEventListenerStandardImpl@8a566c1`]
2025-05-01 22:36:25 [restartedMain] DEBUG o.h.e.s.i.EventListenerGroupImpl - Checking incoming listener [`org.hibernate.envers.event.spi.EnversPostDeleteEventListenerImpl@70bc5d5d`] for match against existing listener [`org.hibernate.event.internal.PostDeleteEventListenerStandardImpl@8a566c1`]
2025-05-01 22:36:25 [restartedMain] DEBUG o.h.e.s.i.EventListenerGroupImpl - Checking incoming listener [`org.hibernate.envers.event.spi.EnversPostInsertEventListenerImpl@1e4e5516`] for match against existing listener [`org.hibernate.event.internal.PostInsertEventListenerStandardImpl@6d8fbdcc`]
2025-05-01 22:36:25 [restartedMain] DEBUG o.h.e.s.i.EventListenerGroupImpl - Checking incoming listener [`org.hibernate.envers.event.spi.EnversPostInsertEventListenerImpl@1e4e5516`] for match against existing listener [`org.hibernate.event.internal.PostInsertEventListenerStandardImpl@6d8fbdcc`]
2025-05-01 22:36:25 [restartedMain] DEBUG o.h.e.s.i.EventListenerGroupImpl - Checking incoming listener [`org.hibernate.envers.event.spi.EnversPostUpdateEventListenerImpl@70534c68`] for match against existing listener [`org.hibernate.event.internal.PostUpdateEventListenerStandardImpl@6a2be087`]
2025-05-01 22:36:25 [restartedMain] DEBUG o.h.e.s.i.EventListenerGroupImpl - Checking incoming listener [`org.hibernate.envers.event.spi.EnversPostUpdateEventListenerImpl@70534c68`] for match against existing listener [`org.hibernate.event.internal.PostUpdateEventListenerStandardImpl@6a2be087`]
2025-05-01 22:36:25 [restartedMain] DEBUG o.h.q.s.function.SqmFunctionRegistry - Registered SqmFunctionTemplate [org.hibernate.envers.function.OrderByFragmentFunction@29380c5e] under _order_by_frag; prior registration was null
2025-05-01 22:36:25 [restartedMain] DEBUG o.h.q.s.function.SqmFunctionRegistry - Registered SqmFunctionTemplate [NamedSqmFunctionTemplate(max)] under max; prior registration was null
2025-05-01 22:36:25 [restartedMain] DEBUG o.h.q.s.function.SqmFunctionRegistry - Registered SqmFunctionTemplate [NamedSqmFunctionTemplate(min)] under min; prior registration was null
2025-05-01 22:36:25 [restartedMain] DEBUG o.h.q.s.function.SqmFunctionRegistry - Registered SqmFunctionTemplate [NamedSqmFunctionTemplate(sum)] under sum; prior registration was null
2025-05-01 22:36:25 [restartedMain] DEBUG o.h.q.s.function.SqmFunctionRegistry - Registered SqmFunctionTemplate [NamedSqmFunctionTemplate(avg)] under avg; prior registration was null
2025-05-01 22:36:25 [restartedMain] DEBUG o.h.q.s.function.SqmFunctionRegistry - Registered SqmFunctionTemplate [org.hibernate.dialect.function.CountFunction@2a27e717] under count; prior registration was null
2025-05-01 22:36:25 [restartedMain] DEBUG o.h.q.s.function.SqmFunctionRegistry - Registered SqmFunctionTemplate [org.hibernate.dialect.function.EveryAnyEmulation@4c972272] under every; prior registration was null
